#
# There is insufficient memory for the Java Runtime Environment to continue.
# Native memory allocation (mmap) failed to map 1107296256 bytes. Error detail: G1 virtual space
# Possible reasons:
#   The system is out of physical RAM or swap space
#   This process is running with CompressedOops enabled, and the Java Heap may be blocking the growth of the native heap
# Possible solutions:
#   Reduce memory load on the system
#   Increase physical memory or swap space
#   Check if swap backing store is full
#   Decrease Java heap size (-Xmx/-Xms)
#   Decrease number of Java threads
#   Decrease Java thread stack sizes (-Xss)
#   Set larger code cache with -XX:ReservedCodeCacheSize=
#   JVM is running with Zero Based Compressed Oops mode in which the Java heap is
#     placed in the first 32GB address space. The Java Heap base address is the
#     maximum limit for the native heap growth. Please use -XX:HeapBaseMinAddress
#     to set the Java Heap base and to place the Java Heap above 32GB virtual address.
# This output file may be truncated or incomplete.
#
#  Out of Memory Error (os_windows.cpp:3613), pid=24556, tid=27772
#
# JRE version: OpenJDK Runtime Environment Corretto-17.0.11.9.1 (17.0.11+9) (build 17.0.11+9-LTS)
# Java VM: OpenJDK 64-Bit Server VM Corretto-17.0.11.9.1 (17.0.11+9-LTS, mixed mode, sharing, tiered, compressed oops, compressed class ptrs, g1 gc, windows-amd64)
# No core dump will be written. Minidumps are not enabled by default on client versions of Windows
#

---------------  S U M M A R Y ------------

Command Line: -Dfile.encoding=windows-1252 -Duser.country=US -Duser.language=en -Duser.variant com.boneless.Main -card

Host: AMD Ryzen 7 7700X 8-Core Processor             , 16 cores, 31G,  Windows 11 , 64 bit Build 22621 (10.0.22621.3527)
Time: Sat Jun  8 23:03:24 2024 Pacific Daylight Time elapsed time: 2.258414 seconds (0d 0h 0m 2s)

---------------  T H R E A D  ---------------

Current thread (0x0000018fe4bdf780):  VMThread "VM Thread" [stack: 0x000000692ae00000,0x000000692af00000] [id=27772]

Stack: [0x000000692ae00000,0x000000692af00000]
Native frames: (J=compiled Java code, j=interpreted, Vv=VM code, C=native code)
V  [jvm.dll+0x67d009]
V  [jvm.dll+0x83489a]
V  [jvm.dll+0x83635e]
V  [jvm.dll+0x8369c3]
V  [jvm.dll+0x2479df]
V  [jvm.dll+0x679e49]
V  [jvm.dll+0x66e8ba]
V  [jvm.dll+0x30755b]
V  [jvm.dll+0x30ea06]
V  [jvm.dll+0x35e40e]
V  [jvm.dll+0x35e63f]
V  [jvm.dll+0x2de298]
V  [jvm.dll+0x2dc6a4]
V  [jvm.dll+0x2dbcac]
V  [jvm.dll+0x31f6cb]
V  [jvm.dll+0x83aebb]
V  [jvm.dll+0x83bbf2]
V  [jvm.dll+0x83c10d]
V  [jvm.dll+0x83c4e4]
V  [jvm.dll+0x83c5b0]
V  [jvm.dll+0x7e3e0a]
V  [jvm.dll+0x67bef5]
C  [ucrtbase.dll+0x29333]
C  [KERNEL32.DLL+0x1257d]
C  [ntdll.dll+0x5aa48]

VM_Operation (0x000000692d89ed40): G1CollectForAllocation, mode: safepoint, requested by thread 0x00000190349b9630


---------------  P R O C E S S  ---------------

Threads class SMR info:
_java_thread_list=0x00000190384c0300, length=24, elements={
0x0000018fe4be3130, 0x0000018fe4be3af0, 0x0000018fe4bfc7f0, 0x0000018fe4bfe0d0,
0x0000018fe4bfe9a0, 0x0000018fe4c01280, 0x0000018fe4c01f30, 0x0000018fe4c05df0,
0x0000018fe4c10720, 0x0000018fe7ba0150, 0x0000018fe7bbed30, 0x0000018fe7bc7a90,
0x000001902d15cf80, 0x000001902d15f470, 0x000001902d160780, 0x000001902d19f800,
0x0000018fba908a40, 0x00000190342d3a20, 0x0000019034248060, 0x000001902d60f240,
0x000001902d60d8f0, 0x00000190348cd260, 0x0000019034ccd7c0, 0x00000190349b9630
}

Java Threads: ( => current thread )
  0x0000018fe4be3130 JavaThread "Reference Handler" daemon [_thread_blocked, id=37028, stack(0x000000692af00000,0x000000692b000000)]
  0x0000018fe4be3af0 JavaThread "Finalizer" daemon [_thread_blocked, id=33500, stack(0x000000692b000000,0x000000692b100000)]
  0x0000018fe4bfc7f0 JavaThread "Signal Dispatcher" daemon [_thread_blocked, id=22944, stack(0x000000692b100000,0x000000692b200000)]
  0x0000018fe4bfe0d0 JavaThread "Attach Listener" daemon [_thread_blocked, id=34492, stack(0x000000692b200000,0x000000692b300000)]
  0x0000018fe4bfe9a0 JavaThread "Service Thread" daemon [_thread_blocked, id=388, stack(0x000000692b300000,0x000000692b400000)]
  0x0000018fe4c01280 JavaThread "Monitor Deflation Thread" daemon [_thread_blocked, id=26332, stack(0x000000692b400000,0x000000692b500000)]
  0x0000018fe4c01f30 JavaThread "C2 CompilerThread0" daemon [_thread_blocked, id=1856, stack(0x000000692b500000,0x000000692b600000)]
  0x0000018fe4c05df0 JavaThread "C1 CompilerThread0" daemon [_thread_blocked, id=33560, stack(0x000000692b600000,0x000000692b700000)]
  0x0000018fe4c10720 JavaThread "Sweeper thread" daemon [_thread_blocked, id=31640, stack(0x000000692b700000,0x000000692b800000)]
  0x0000018fe7ba0150 JavaThread "C1 CompilerThread1" daemon [_thread_blocked, id=30792, stack(0x000000692b800000,0x000000692b900000)]
  0x0000018fe7bbed30 JavaThread "Notification Thread" daemon [_thread_blocked, id=23112, stack(0x000000692b900000,0x000000692ba00000)]
  0x0000018fe7bc7a90 JavaThread "Common-Cleaner" daemon [_thread_blocked, id=12408, stack(0x000000692bb00000,0x000000692bc00000)]
  0x000001902d15cf80 JavaThread "Java2D Disposer" daemon [_thread_blocked, id=23172, stack(0x000000692bc00000,0x000000692bd00000)]
  0x000001902d15f470 JavaThread "AWT-Shutdown" [_thread_blocked, id=25592, stack(0x000000692bd00000,0x000000692be00000)]
  0x000001902d160780 JavaThread "AWT-Windows" daemon [_thread_in_native, id=35288, stack(0x000000692be00000,0x000000692bf00000)]
  0x000001902d19f800 JavaThread "AWT-EventQueue-0" [_thread_blocked, id=34412, stack(0x000000692bf00000,0x000000692c000000)]
  0x0000018fba908a40 JavaThread "DestroyJavaVM" [_thread_blocked, id=37496, stack(0x000000692a800000,0x000000692a900000)]
  0x00000190342d3a20 JavaThread "C1 CompilerThread2" daemon [_thread_blocked, id=35480, stack(0x000000692c590000,0x000000692c690000)]
  0x0000019034248060 JavaThread "C1 CompilerThread3" daemon [_thread_blocked, id=23196, stack(0x000000692c690000,0x000000692c790000)]
  0x000001902d60f240 JavaThread "TimerQueue" daemon [_thread_blocked, id=33456, stack(0x000000692d290000,0x000000692d390000)]
  0x000001902d60d8f0 JavaThread "D3D Screen Updater" daemon [_thread_blocked, id=24272, stack(0x000000692d690000,0x000000692d790000)]
  0x00000190348cd260 JavaThread "C2 CompilerThread1" daemon [_thread_in_native, id=31784, stack(0x000000692dab0000,0x000000692dbb0000)]
  0x0000019034ccd7c0 JavaThread "C2 CompilerThread2" daemon [_thread_blocked, id=34528, stack(0x00000069300b0000,0x00000069301b0000)]
  0x00000190349b9630 JavaThread "Thread-2844" [_thread_blocked, id=34256, stack(0x000000692d7a0000,0x000000692d8a0000)]

Other Threads:
=>0x0000018fe4bdf780 VMThread "VM Thread" [stack: 0x000000692ae00000,0x000000692af00000] [id=27772]
  0x0000018fe7bbf210 WatcherThread [stack: 0x000000692ba00000,0x000000692bb00000] [id=6252]
  0x0000018fba9b9c50 GCTaskThread "GC Thread#0" [stack: 0x000000692a900000,0x000000692aa00000] [id=20912]
  0x0000019034240f70 GCTaskThread "GC Thread#1" [stack: 0x000000692c790000,0x000000692c890000] [id=35312]
  0x0000019034241230 GCTaskThread "GC Thread#2" [stack: 0x000000692c890000,0x000000692c990000] [id=34612]
  0x00000190342414f0 GCTaskThread "GC Thread#3" [stack: 0x000000692c990000,0x000000692ca90000] [id=30752]
  0x0000019034241fc0 GCTaskThread "GC Thread#4" [stack: 0x000000692ca90000,0x000000692cb90000] [id=20732]
  0x0000019034242280 GCTaskThread "GC Thread#5" [stack: 0x000000692cb90000,0x000000692cc90000] [id=35792]
  0x00000190343e4a40 GCTaskThread "GC Thread#6" [stack: 0x000000692cc90000,0x000000692cd90000] [id=14220]
  0x00000190343e4200 GCTaskThread "GC Thread#7" [stack: 0x000000692cd90000,0x000000692ce90000] [id=34692]
  0x00000190343e3c80 GCTaskThread "GC Thread#8" [stack: 0x000000692ce90000,0x000000692cf90000] [id=33424]
  0x00000190343e4780 GCTaskThread "GC Thread#9" [stack: 0x000000692cf90000,0x000000692d090000] [id=20752]
  0x00000190343e4d00 GCTaskThread "GC Thread#10" [stack: 0x000000692d090000,0x000000692d190000] [id=31200]
  0x00000190343e3f40 GCTaskThread "GC Thread#11" [stack: 0x000000692d190000,0x000000692d290000] [id=34408]
  0x00000190343e3440 GCTaskThread "GC Thread#12" [stack: 0x000000692c490000,0x000000692c590000] [id=25996]
  0x0000018fba9be7b0 ConcurrentGCThread "G1 Main Marker" [stack: 0x000000692aa00000,0x000000692ab00000] [id=4524]
  0x0000018fe4a2c2a0 ConcurrentGCThread "G1 Conc#0" [stack: 0x000000692ab00000,0x000000692ac00000] [id=11848]
  0x0000018fe4b169c0 ConcurrentGCThread "G1 Refine#0" [stack: 0x000000692ac00000,0x000000692ad00000] [id=36744]
  0x0000018fe4b172f0 ConcurrentGCThread "G1 Service" [stack: 0x000000692ad00000,0x000000692ae00000] [id=26384]

Threads with active compile tasks:
C2 CompilerThread0     2268 1878   !   4       java.awt.Container::addImpl (364 bytes)
C2 CompilerThread1     2268 1870       4       com.boneless.JCard::animationSelect (158 bytes)
C2 CompilerThread2     2268 1880   !   4       java.awt.Container::remove (48 bytes)

VM state: at safepoint (normal execution)

VM Mutex/Monitor currently owned by a thread:  ([mutex/lock_event])
[0x0000018fba906ba0] Threads_lock - owner thread: 0x0000018fe4bdf780
[0x0000018fba9087c0] Heap_lock - owner thread: 0x00000190349b9630

OutOfMemory and StackOverflow Exception counts:
StackOverflowErrors=1
LinkageErrors=10

Heap address: 0x0000000604400000, size: 8124 MB, Compressed Oops mode: Zero based, Oop shift amount: 3

CDS archive(s) mapped at: [0x0000018fe8000000-0x0000018fe8bb0000-0x0000018fe8bb0000), size 12255232, SharedBaseAddress: 0x0000018fe8000000, ArchiveRelocationMode: 1.
Compressed class space mapped at: 0x0000018fe9000000-0x0000019029000000, reserved size: 1073741824
Narrow klass base: 0x0000018fe8000000, Narrow klass shift: 0, Narrow klass range: 0x100000000

GC Precious Log:
 CPUs: 16 total, 16 available
 Memory: 32490M
 Large Page Support: Disabled
 NUMA Support: Disabled
 Compressed Oops: Enabled (Zero based)
 Heap Region Size: 4M
 Heap Min Capacity: 8M
 Heap Initial Capacity: 508M
 Heap Max Capacity: 8124M
 Pre-touch: Disabled
 Parallel Workers: 13
 Concurrent Workers: 3
 Concurrent Refinement Workers: 13
 Periodic GC: Disabled

Heap:
 garbage-first heap   total 626688K, used 20583K [0x0000000604400000, 0x0000000800000000)
  region size 4096K, 1 young (4096K), 1 survivors (4096K)
 Metaspace       used 9767K, committed 9984K, reserved 1114112K
  class space    used 1112K, committed 1216K, reserved 1048576K

Heap Regions: E=young(eden), S=young(survivor), O=old, HS=humongous(starts), HC=humongous(continues), CS=collection set, F=free, OA=open archive, CA=closed archive, TAMS=top-at-mark-start (previous, next)
|   0|0x0000000604400000, 0x0000000604800000, 0x0000000604800000|100%| O|  |TAMS 0x0000000604400000, 0x0000000604400000| Untracked 
|   1|0x0000000604800000, 0x0000000604c00000, 0x0000000604c00000|100%| O|  |TAMS 0x0000000604800000, 0x0000000604800000| Untracked 
|   2|0x0000000604c00000, 0x0000000605000000, 0x0000000605000000|100%| O|  |TAMS 0x0000000604c00000, 0x0000000604c00000| Untracked 
|   3|0x0000000605000000, 0x0000000605400000, 0x0000000605400000|100%| O|  |TAMS 0x0000000605000000, 0x0000000605000000| Untracked 
|   4|0x0000000605400000, 0x0000000605800000, 0x0000000605800000|100%| O|  |TAMS 0x0000000605400000, 0x0000000605400000| Untracked 
|   5|0x0000000605800000, 0x000000060580e600, 0x0000000605c00000|  1%| O|  |TAMS 0x0000000605800000, 0x0000000605800000| Untracked 
|   6|0x0000000605c00000, 0x0000000605c00000, 0x0000000606000000|  0%| F|  |TAMS 0x0000000605c00000, 0x0000000605c00000| Untracked 
|   7|0x0000000606000000, 0x0000000606000000, 0x0000000606400000|  0%| F|  |TAMS 0x0000000606000000, 0x0000000606000000| Untracked 
|   8|0x0000000606400000, 0x0000000606400000, 0x0000000606800000|  0%| F|  |TAMS 0x0000000606400000, 0x0000000606400000| Untracked 
|   9|0x0000000606800000, 0x0000000606800000, 0x0000000606c00000|  0%| F|  |TAMS 0x0000000606800000, 0x0000000606800000| Untracked 
|  10|0x0000000606c00000, 0x0000000606c00000, 0x0000000607000000|  0%| F|  |TAMS 0x0000000606c00000, 0x0000000606c00000| Untracked 
|  11|0x0000000607000000, 0x0000000607000000, 0x0000000607400000|  0%| F|  |TAMS 0x0000000607000000, 0x0000000607000000| Untracked 
|  12|0x0000000607400000, 0x0000000607400000, 0x0000000607800000|  0%| F|  |TAMS 0x0000000607400000, 0x0000000607400000| Untracked 
|  13|0x0000000607800000, 0x0000000607800000, 0x0000000607c00000|  0%| F|  |TAMS 0x0000000607800000, 0x0000000607800000| Untracked 
|  14|0x0000000607c00000, 0x0000000607c00000, 0x0000000608000000|  0%| F|  |TAMS 0x0000000607c00000, 0x0000000607c00000| Untracked 
|  15|0x0000000608000000, 0x0000000608000000, 0x0000000608400000|  0%| F|  |TAMS 0x0000000608000000, 0x0000000608000000| Untracked 
|  16|0x0000000608400000, 0x0000000608400000, 0x0000000608800000|  0%| F|  |TAMS 0x0000000608400000, 0x0000000608400000| Untracked 
|  17|0x0000000608800000, 0x0000000608800000, 0x0000000608c00000|  0%| F|  |TAMS 0x0000000608800000, 0x0000000608800000| Untracked 
|  18|0x0000000608c00000, 0x0000000608c00000, 0x0000000609000000|  0%| F|  |TAMS 0x0000000608c00000, 0x0000000608c00000| Untracked 
|  19|0x0000000609000000, 0x0000000609000000, 0x0000000609400000|  0%| F|  |TAMS 0x0000000609000000, 0x0000000609000000| Untracked 
|  20|0x0000000609400000, 0x0000000609400000, 0x0000000609800000|  0%| F|  |TAMS 0x0000000609400000, 0x0000000609400000| Untracked 
|  21|0x0000000609800000, 0x0000000609800000, 0x0000000609c00000|  0%| F|  |TAMS 0x0000000609800000, 0x0000000609800000| Untracked 
|  22|0x0000000609c00000, 0x0000000609c00000, 0x000000060a000000|  0%| F|  |TAMS 0x0000000609c00000, 0x0000000609c00000| Untracked 
|  23|0x000000060a000000, 0x000000060a000000, 0x000000060a400000|  0%| F|  |TAMS 0x000000060a000000, 0x000000060a000000| Untracked 
|  24|0x000000060a400000, 0x000000060a400000, 0x000000060a800000|  0%| F|  |TAMS 0x000000060a400000, 0x000000060a400000| Untracked 
|  25|0x000000060a800000, 0x000000060a800000, 0x000000060ac00000|  0%| F|  |TAMS 0x000000060a800000, 0x000000060a800000| Untracked 
|  26|0x000000060ac00000, 0x000000060ac00000, 0x000000060b000000|  0%| F|  |TAMS 0x000000060ac00000, 0x000000060ac00000| Untracked 
|  27|0x000000060b000000, 0x000000060b000000, 0x000000060b400000|  0%| F|  |TAMS 0x000000060b000000, 0x000000060b000000| Untracked 
|  28|0x000000060b400000, 0x000000060b400000, 0x000000060b800000|  0%| F|  |TAMS 0x000000060b400000, 0x000000060b400000| Untracked 
|  29|0x000000060b800000, 0x000000060b800000, 0x000000060bc00000|  0%| F|  |TAMS 0x000000060b800000, 0x000000060b800000| Untracked 
|  30|0x000000060bc00000, 0x000000060bc00000, 0x000000060c000000|  0%| F|  |TAMS 0x000000060bc00000, 0x000000060bc00000| Untracked 
|  31|0x000000060c000000, 0x000000060c000000, 0x000000060c400000|  0%| F|  |TAMS 0x000000060c000000, 0x000000060c000000| Untracked 
|  32|0x000000060c400000, 0x000000060c400000, 0x000000060c800000|  0%| F|  |TAMS 0x000000060c400000, 0x000000060c400000| Untracked 
|  33|0x000000060c800000, 0x000000060c800000, 0x000000060cc00000|  0%| F|  |TAMS 0x000000060c800000, 0x000000060c800000| Untracked 
|  34|0x000000060cc00000, 0x000000060cc00000, 0x000000060d000000|  0%| F|  |TAMS 0x000000060cc00000, 0x000000060cc00000| Untracked 
|  35|0x000000060d000000, 0x000000060d000000, 0x000000060d400000|  0%| F|  |TAMS 0x000000060d000000, 0x000000060d000000| Untracked 
|  36|0x000000060d400000, 0x000000060d400000, 0x000000060d800000|  0%| F|  |TAMS 0x000000060d400000, 0x000000060d400000| Untracked 
|  37|0x000000060d800000, 0x000000060d800000, 0x000000060dc00000|  0%| F|  |TAMS 0x000000060d800000, 0x000000060d800000| Untracked 
|  38|0x000000060dc00000, 0x000000060dc00000, 0x000000060e000000|  0%| F|  |TAMS 0x000000060dc00000, 0x000000060dc00000| Untracked 
|  39|0x000000060e000000, 0x000000060e000000, 0x000000060e400000|  0%| F|  |TAMS 0x000000060e000000, 0x000000060e000000| Untracked 
|  40|0x000000060e400000, 0x000000060e400000, 0x000000060e800000|  0%| F|  |TAMS 0x000000060e400000, 0x000000060e400000| Untracked 
|  41|0x000000060e800000, 0x000000060e800000, 0x000000060ec00000|  0%| F|  |TAMS 0x000000060e800000, 0x000000060e800000| Untracked 
|  42|0x000000060ec00000, 0x000000060ec00000, 0x000000060f000000|  0%| F|  |TAMS 0x000000060ec00000, 0x000000060ec00000| Untracked 
|  43|0x000000060f000000, 0x000000060f000000, 0x000000060f400000|  0%| F|  |TAMS 0x000000060f000000, 0x000000060f000000| Untracked 
|  44|0x000000060f400000, 0x000000060f400000, 0x000000060f800000|  0%| F|  |TAMS 0x000000060f400000, 0x000000060f400000| Untracked 
|  45|0x000000060f800000, 0x000000060f800000, 0x000000060fc00000|  0%| F|  |TAMS 0x000000060f800000, 0x000000060f800000| Untracked 
|  46|0x000000060fc00000, 0x000000060fc00000, 0x0000000610000000|  0%| F|  |TAMS 0x000000060fc00000, 0x000000060fc00000| Untracked 
|  47|0x0000000610000000, 0x0000000610000000, 0x0000000610400000|  0%| F|  |TAMS 0x0000000610000000, 0x0000000610000000| Untracked 
|  48|0x0000000610400000, 0x0000000610400000, 0x0000000610800000|  0%| F|  |TAMS 0x0000000610400000, 0x0000000610400000| Untracked 
|  49|0x0000000610800000, 0x0000000610800000, 0x0000000610c00000|  0%| F|  |TAMS 0x0000000610800000, 0x0000000610800000| Untracked 
|  50|0x0000000610c00000, 0x0000000610c00000, 0x0000000611000000|  0%| F|  |TAMS 0x0000000610c00000, 0x0000000610c00000| Untracked 
|  51|0x0000000611000000, 0x0000000611000000, 0x0000000611400000|  0%| F|  |TAMS 0x0000000611000000, 0x0000000611000000| Untracked 
|  52|0x0000000611400000, 0x0000000611400000, 0x0000000611800000|  0%| F|  |TAMS 0x0000000611400000, 0x0000000611400000| Untracked 
|  53|0x0000000611800000, 0x0000000611800000, 0x0000000611c00000|  0%| F|  |TAMS 0x0000000611800000, 0x0000000611800000| Untracked 
|  54|0x0000000611c00000, 0x0000000611c00000, 0x0000000612000000|  0%| F|  |TAMS 0x0000000611c00000, 0x0000000611c00000| Untracked 
|  55|0x0000000612000000, 0x0000000612000000, 0x0000000612400000|  0%| F|  |TAMS 0x0000000612000000, 0x0000000612000000| Untracked 
|  56|0x0000000612400000, 0x0000000612400000, 0x0000000612800000|  0%| F|  |TAMS 0x0000000612400000, 0x0000000612400000| Untracked 
|  57|0x0000000612800000, 0x0000000612800000, 0x0000000612c00000|  0%| F|  |TAMS 0x0000000612800000, 0x0000000612800000| Untracked 
|  58|0x0000000612c00000, 0x0000000612c00000, 0x0000000613000000|  0%| F|  |TAMS 0x0000000612c00000, 0x0000000612c00000| Untracked 
|  59|0x0000000613000000, 0x0000000613000000, 0x0000000613400000|  0%| F|  |TAMS 0x0000000613000000, 0x0000000613000000| Untracked 
|  60|0x0000000613400000, 0x0000000613400000, 0x0000000613800000|  0%| F|  |TAMS 0x0000000613400000, 0x0000000613400000| Untracked 
|  61|0x0000000613800000, 0x0000000613800000, 0x0000000613c00000|  0%| F|  |TAMS 0x0000000613800000, 0x0000000613800000| Untracked 
|  62|0x0000000613c00000, 0x0000000613c0b810, 0x0000000614000000|  1%| S|CS|TAMS 0x0000000613c00000, 0x0000000613c00000| Complete 
|  63|0x0000000614000000, 0x0000000614000000, 0x0000000614400000|  0%| F|  |TAMS 0x0000000614000000, 0x0000000614000000| Untracked 
|  64|0x0000000614400000, 0x0000000614400000, 0x0000000614800000|  0%| F|  |TAMS 0x0000000614400000, 0x0000000614400000| Untracked 
|  65|0x0000000614800000, 0x0000000614800000, 0x0000000614c00000|  0%| F|  |TAMS 0x0000000614800000, 0x0000000614800000| Untracked 
|  66|0x0000000614c00000, 0x0000000614c00000, 0x0000000615000000|  0%| F|  |TAMS 0x0000000614c00000, 0x0000000614c00000| Untracked 
|  67|0x0000000615000000, 0x0000000615000000, 0x0000000615400000|  0%| F|  |TAMS 0x0000000615000000, 0x0000000615000000| Untracked 
|  68|0x0000000615400000, 0x0000000615400000, 0x0000000615800000|  0%| F|  |TAMS 0x0000000615400000, 0x0000000615400000| Untracked 
|  69|0x0000000615800000, 0x0000000615800000, 0x0000000615c00000|  0%| F|  |TAMS 0x0000000615800000, 0x0000000615800000| Untracked 
|  70|0x0000000615c00000, 0x0000000615c00000, 0x0000000616000000|  0%| F|  |TAMS 0x0000000615c00000, 0x0000000615c00000| Untracked 
|  71|0x0000000616000000, 0x0000000616000000, 0x0000000616400000|  0%| F|  |TAMS 0x0000000616000000, 0x0000000616000000| Untracked 
|  72|0x0000000616400000, 0x0000000616400000, 0x0000000616800000|  0%| F|  |TAMS 0x0000000616400000, 0x0000000616400000| Untracked 
|  73|0x0000000616800000, 0x0000000616800000, 0x0000000616c00000|  0%| F|  |TAMS 0x0000000616800000, 0x0000000616800000| Untracked 
|  74|0x0000000616c00000, 0x0000000616c00000, 0x0000000617000000|  0%| F|  |TAMS 0x0000000616c00000, 0x0000000616c00000| Untracked 
|  75|0x0000000617000000, 0x0000000617000000, 0x0000000617400000|  0%| F|  |TAMS 0x0000000617000000, 0x0000000617000000| Untracked 
|  76|0x0000000617400000, 0x0000000617400000, 0x0000000617800000|  0%| F|  |TAMS 0x0000000617400000, 0x0000000617400000| Untracked 
|  77|0x0000000617800000, 0x0000000617800000, 0x0000000617c00000|  0%| F|  |TAMS 0x0000000617800000, 0x0000000617800000| Untracked 
|  78|0x0000000617c00000, 0x0000000617c00000, 0x0000000618000000|  0%| F|  |TAMS 0x0000000617c00000, 0x0000000617c00000| Untracked 
|  79|0x0000000618000000, 0x0000000618000000, 0x0000000618400000|  0%| F|  |TAMS 0x0000000618000000, 0x0000000618000000| Untracked 
|  80|0x0000000618400000, 0x0000000618400000, 0x0000000618800000|  0%| F|  |TAMS 0x0000000618400000, 0x0000000618400000| Untracked 
|  81|0x0000000618800000, 0x0000000618800000, 0x0000000618c00000|  0%| F|  |TAMS 0x0000000618800000, 0x0000000618800000| Untracked 
|  82|0x0000000618c00000, 0x0000000618c00000, 0x0000000619000000|  0%| F|  |TAMS 0x0000000618c00000, 0x0000000618c00000| Untracked 
|  83|0x0000000619000000, 0x0000000619000000, 0x0000000619400000|  0%| F|  |TAMS 0x0000000619000000, 0x0000000619000000| Untracked 
|  84|0x0000000619400000, 0x0000000619400000, 0x0000000619800000|  0%| F|  |TAMS 0x0000000619400000, 0x0000000619400000| Untracked 
|  85|0x0000000619800000, 0x0000000619800000, 0x0000000619c00000|  0%| F|  |TAMS 0x0000000619800000, 0x0000000619800000| Untracked 
|  86|0x0000000619c00000, 0x0000000619c00000, 0x000000061a000000|  0%| F|  |TAMS 0x0000000619c00000, 0x0000000619c00000| Untracked 
|  87|0x000000061a000000, 0x000000061a000000, 0x000000061a400000|  0%| F|  |TAMS 0x000000061a000000, 0x000000061a000000| Untracked 
|  88|0x000000061a400000, 0x000000061a400000, 0x000000061a800000|  0%| F|  |TAMS 0x000000061a400000, 0x000000061a400000| Untracked 
|  89|0x000000061a800000, 0x000000061a800000, 0x000000061ac00000|  0%| F|  |TAMS 0x000000061a800000, 0x000000061a800000| Untracked 
|  90|0x000000061ac00000, 0x000000061ac00000, 0x000000061b000000|  0%| F|  |TAMS 0x000000061ac00000, 0x000000061ac00000| Untracked 
|  91|0x000000061b000000, 0x000000061b000000, 0x000000061b400000|  0%| F|  |TAMS 0x000000061b000000, 0x000000061b000000| Untracked 
|  92|0x000000061b400000, 0x000000061b400000, 0x000000061b800000|  0%| F|  |TAMS 0x000000061b400000, 0x000000061b400000| Untracked 
|  93|0x000000061b800000, 0x000000061b800000, 0x000000061bc00000|  0%| F|  |TAMS 0x000000061b800000, 0x000000061b800000| Untracked 
|  94|0x000000061bc00000, 0x000000061bc00000, 0x000000061c000000|  0%| F|  |TAMS 0x000000061bc00000, 0x000000061bc00000| Untracked 
|  95|0x000000061c000000, 0x000000061c000000, 0x000000061c400000|  0%| F|  |TAMS 0x000000061c000000, 0x000000061c000000| Untracked 
|  96|0x000000061c400000, 0x000000061c400000, 0x000000061c800000|  0%| F|  |TAMS 0x000000061c400000, 0x000000061c400000| Untracked 
|  97|0x000000061c800000, 0x000000061c800000, 0x000000061cc00000|  0%| F|  |TAMS 0x000000061c800000, 0x000000061c800000| Untracked 
|  98|0x000000061cc00000, 0x000000061cc00000, 0x000000061d000000|  0%| F|  |TAMS 0x000000061cc00000, 0x000000061cc00000| Untracked 
|  99|0x000000061d000000, 0x000000061d000000, 0x000000061d400000|  0%| F|  |TAMS 0x000000061d000000, 0x000000061d000000| Untracked 
| 100|0x000000061d400000, 0x000000061d400000, 0x000000061d800000|  0%| F|  |TAMS 0x000000061d400000, 0x000000061d400000| Untracked 
| 101|0x000000061d800000, 0x000000061d800000, 0x000000061dc00000|  0%| F|  |TAMS 0x000000061d800000, 0x000000061d800000| Untracked 
| 102|0x000000061dc00000, 0x000000061dc00000, 0x000000061e000000|  0%| F|  |TAMS 0x000000061dc00000, 0x000000061dc00000| Untracked 
| 103|0x000000061e000000, 0x000000061e000000, 0x000000061e400000|  0%| F|  |TAMS 0x000000061e000000, 0x000000061e000000| Untracked 
| 104|0x000000061e400000, 0x000000061e400000, 0x000000061e800000|  0%| F|  |TAMS 0x000000061e400000, 0x000000061e400000| Untracked 
| 105|0x000000061e800000, 0x000000061e800000, 0x000000061ec00000|  0%| F|  |TAMS 0x000000061e800000, 0x000000061e800000| Untracked 
| 106|0x000000061ec00000, 0x000000061ec00000, 0x000000061f000000|  0%| F|  |TAMS 0x000000061ec00000, 0x000000061ec00000| Untracked 
| 107|0x000000061f000000, 0x000000061f000000, 0x000000061f400000|  0%| F|  |TAMS 0x000000061f000000, 0x000000061f000000| Untracked 
| 108|0x000000061f400000, 0x000000061f400000, 0x000000061f800000|  0%| F|  |TAMS 0x000000061f400000, 0x000000061f400000| Untracked 
| 109|0x000000061f800000, 0x000000061f800000, 0x000000061fc00000|  0%| F|  |TAMS 0x000000061f800000, 0x000000061f800000| Untracked 
| 110|0x000000061fc00000, 0x000000061fc00000, 0x0000000620000000|  0%| F|  |TAMS 0x000000061fc00000, 0x000000061fc00000| Untracked 
| 111|0x0000000620000000, 0x0000000620000000, 0x0000000620400000|  0%| F|  |TAMS 0x0000000620000000, 0x0000000620000000| Untracked 
| 112|0x0000000620400000, 0x0000000620400000, 0x0000000620800000|  0%| F|  |TAMS 0x0000000620400000, 0x0000000620400000| Untracked 
| 113|0x0000000620800000, 0x0000000620800000, 0x0000000620c00000|  0%| F|  |TAMS 0x0000000620800000, 0x0000000620800000| Untracked 
| 114|0x0000000620c00000, 0x0000000620c00000, 0x0000000621000000|  0%| F|  |TAMS 0x0000000620c00000, 0x0000000620c00000| Untracked 
| 115|0x0000000621000000, 0x0000000621000000, 0x0000000621400000|  0%| F|  |TAMS 0x0000000621000000, 0x0000000621000000| Untracked 
| 116|0x0000000621400000, 0x0000000621400000, 0x0000000621800000|  0%| F|  |TAMS 0x0000000621400000, 0x0000000621400000| Untracked 
| 117|0x0000000621800000, 0x0000000621800000, 0x0000000621c00000|  0%| F|  |TAMS 0x0000000621800000, 0x0000000621800000| Untracked 
| 118|0x0000000621c00000, 0x0000000621c00000, 0x0000000622000000|  0%| F|  |TAMS 0x0000000621c00000, 0x0000000621c00000| Untracked 
| 119|0x0000000622000000, 0x0000000622000000, 0x0000000622400000|  0%| F|  |TAMS 0x0000000622000000, 0x0000000622000000| Untracked 
| 120|0x0000000622400000, 0x0000000622400000, 0x0000000622800000|  0%| F|  |TAMS 0x0000000622400000, 0x0000000622400000| Untracked 
| 121|0x0000000622800000, 0x0000000622800000, 0x0000000622c00000|  0%| F|  |TAMS 0x0000000622800000, 0x0000000622800000| Untracked 
| 122|0x0000000622c00000, 0x0000000622c00000, 0x0000000623000000|  0%| F|  |TAMS 0x0000000622c00000, 0x0000000622c00000| Untracked 
| 123|0x0000000623000000, 0x0000000623000000, 0x0000000623400000|  0%| F|  |TAMS 0x0000000623000000, 0x0000000623000000| Untracked 
| 124|0x0000000623400000, 0x0000000623400000, 0x0000000623800000|  0%| F|  |TAMS 0x0000000623400000, 0x0000000623400000| Untracked 
| 125|0x0000000623800000, 0x0000000623800000, 0x0000000623c00000|  0%| F|  |TAMS 0x0000000623800000, 0x0000000623800000| Untracked 
| 126|0x0000000623c00000, 0x0000000623c00000, 0x0000000624000000|  0%| F|  |TAMS 0x0000000623c00000, 0x0000000623c00000| Untracked 
| 127|0x0000000624000000, 0x0000000624000000, 0x0000000624400000|  0%| F|  |TAMS 0x0000000624000000, 0x0000000624000000| Untracked 
| 128|0x0000000624400000, 0x0000000624400000, 0x0000000624800000|  0%| F|  |TAMS 0x0000000624400000, 0x0000000624400000| Untracked 
| 129|0x0000000624800000, 0x0000000624800000, 0x0000000624c00000|  0%| F|  |TAMS 0x0000000624800000, 0x0000000624800000| Untracked 
| 130|0x0000000624c00000, 0x0000000624c00000, 0x0000000625000000|  0%| F|  |TAMS 0x0000000624c00000, 0x0000000624c00000| Untracked 
| 131|0x0000000625000000, 0x0000000625000000, 0x0000000625400000|  0%| F|  |TAMS 0x0000000625000000, 0x0000000625000000| Untracked 
| 132|0x0000000625400000, 0x0000000625400000, 0x0000000625800000|  0%| F|  |TAMS 0x0000000625400000, 0x0000000625400000| Untracked 
| 133|0x0000000625800000, 0x0000000625800000, 0x0000000625c00000|  0%| F|  |TAMS 0x0000000625800000, 0x0000000625800000| Untracked 
| 134|0x0000000625c00000, 0x0000000625c00000, 0x0000000626000000|  0%| F|  |TAMS 0x0000000625c00000, 0x0000000625c00000| Untracked 
| 135|0x0000000626000000, 0x0000000626000000, 0x0000000626400000|  0%| F|  |TAMS 0x0000000626000000, 0x0000000626000000| Untracked 
| 136|0x0000000626400000, 0x0000000626400000, 0x0000000626800000|  0%| F|  |TAMS 0x0000000626400000, 0x0000000626400000| Untracked 
| 137|0x0000000626800000, 0x0000000626800000, 0x0000000626c00000|  0%| F|  |TAMS 0x0000000626800000, 0x0000000626800000| Untracked 
| 138|0x0000000626c00000, 0x0000000626c00000, 0x0000000627000000|  0%| F|  |TAMS 0x0000000626c00000, 0x0000000626c00000| Untracked 
| 139|0x0000000627000000, 0x0000000627000000, 0x0000000627400000|  0%| F|  |TAMS 0x0000000627000000, 0x0000000627000000| Untracked 
| 140|0x0000000627400000, 0x0000000627400000, 0x0000000627800000|  0%| F|  |TAMS 0x0000000627400000, 0x0000000627400000| Untracked 
| 141|0x0000000627800000, 0x0000000627800000, 0x0000000627c00000|  0%| F|  |TAMS 0x0000000627800000, 0x0000000627800000| Untracked 
| 142|0x0000000627c00000, 0x0000000627c00000, 0x0000000628000000|  0%| F|  |TAMS 0x0000000627c00000, 0x0000000627c00000| Untracked 
| 143|0x0000000628000000, 0x0000000628000000, 0x0000000628400000|  0%| F|  |TAMS 0x0000000628000000, 0x0000000628000000| Untracked 
| 144|0x0000000628400000, 0x0000000628400000, 0x0000000628800000|  0%| F|  |TAMS 0x0000000628400000, 0x0000000628400000| Untracked 
| 145|0x0000000628800000, 0x0000000628800000, 0x0000000628c00000|  0%| F|  |TAMS 0x0000000628800000, 0x0000000628800000| Untracked 
| 146|0x0000000628c00000, 0x0000000628c00000, 0x0000000629000000|  0%| F|  |TAMS 0x0000000628c00000, 0x0000000628c00000| Untracked 
| 147|0x0000000629000000, 0x0000000629000000, 0x0000000629400000|  0%| F|  |TAMS 0x0000000629000000, 0x0000000629000000| Untracked 
| 148|0x0000000629400000, 0x0000000629400000, 0x0000000629800000|  0%| F|  |TAMS 0x0000000629400000, 0x0000000629400000| Untracked 
| 149|0x0000000629800000, 0x0000000629800000, 0x0000000629c00000|  0%| F|  |TAMS 0x0000000629800000, 0x0000000629800000| Untracked 
| 150|0x0000000629c00000, 0x0000000629c00000, 0x000000062a000000|  0%| F|  |TAMS 0x0000000629c00000, 0x0000000629c00000| Untracked 
| 151|0x000000062a000000, 0x000000062a000000, 0x000000062a400000|  0%| F|  |TAMS 0x000000062a000000, 0x000000062a000000| Untracked 
| 152|0x000000062a400000, 0x000000062a400000, 0x000000062a800000|  0%| F|  |TAMS 0x000000062a400000, 0x000000062a400000| Untracked 

Card table byte_map: [0x0000018fd2c80000,0x0000018fd3c60000] _byte_map_base: 0x0000018fcfc5e000

Marking Bits (Prev, Next): (CMBitMap*) 0x0000018fba9ba170, (CMBitMap*) 0x0000018fba9ba1b0
 Prev Bits: [0x0000018fd4c40000, 0x0000018fdcb30000)
 Next Bits: [0x0000018fdcb30000, 0x0000018fe4a20000)

Polling page: 0x0000018fb8870000

Metaspace:

Usage:
  Non-class:      8.45 MB used.
      Class:      1.09 MB used.
       Both:      9.54 MB used.

Virtual space:
  Non-class space:       64.00 MB reserved,       8.56 MB ( 13%) committed,  1 nodes.
      Class space:        1.00 GB reserved,       1.19 MB ( <1%) committed,  1 nodes.
             Both:        1.06 GB reserved,       9.75 MB ( <1%) committed. 

Chunk freelists:
   Non-Class:  6.99 MB
       Class:  14.74 MB
        Both:  21.73 MB

MaxMetaspaceSize: unlimited
CompressedClassSpaceSize: 1.00 GB
Initial GC threshold: 21.00 MB
Current GC threshold: 21.00 MB
CDS: on
MetaspaceReclaimPolicy: balanced
 - commit_granule_bytes: 65536.
 - commit_granule_words: 8192.
 - virtual_space_node_default_size: 8388608.
 - enlarge_chunks_in_place: 1.
 - new_chunks_are_fully_committed: 0.
 - uncommit_free_chunks: 1.
 - use_allocation_guard: 0.
 - handle_deallocations: 1.


Internal statistics:

num_allocs_failed_limit: 0.
num_arena_births: 122.
num_arena_deaths: 0.
num_vsnodes_births: 2.
num_vsnodes_deaths: 0.
num_space_committed: 156.
num_space_uncommitted: 0.
num_chunks_returned_to_freelist: 0.
num_chunks_taken_from_freelist: 173.
num_chunk_merges: 0.
num_chunk_splits: 110.
num_chunks_enlarged: 64.
num_inconsistent_stats: 0.

CodeHeap 'non-profiled nmethods': size=119168Kb used=836Kb max_used=836Kb free=118331Kb
 bounds [0x0000018fc9fc0000, 0x0000018fca230000, 0x0000018fd1420000]
CodeHeap 'profiled nmethods': size=119104Kb used=3310Kb max_used=3310Kb free=115793Kb
 bounds [0x0000018fc2420000, 0x0000018fc2760000, 0x0000018fc9870000]
CodeHeap 'non-nmethods': size=7488Kb used=3007Kb max_used=3056Kb free=4480Kb
 bounds [0x0000018fc9870000, 0x0000018fc9b80000, 0x0000018fc9fc0000]
 total_blobs=2522 nmethods=1878 adapters=553
 compilation: enabled
              stopped_count=0, restarted_count=0
 full_count=0

Compilation events (20 events):
Event: 2.179 Thread 0x0000018fe7ba0150 1871       1       javax.swing.TimerQueue$DelayedTimer::getTimer (5 bytes)
Event: 2.179 Thread 0x00000190342d3a20 1872       3       java.util.concurrent.locks.ReentrantLock$NonfairSync::tryAcquire (27 bytes)
Event: 2.180 Thread 0x0000018fe7ba0150 nmethod 1871 0x0000018fca08f110 code [0x0000018fca08f2a0, 0x0000018fca08f378]
Event: 2.180 Thread 0x00000190342d3a20 nmethod 1872 0x0000018fc275af90 code [0x0000018fc275b140, 0x0000018fc275b3e8]
Event: 2.210 Thread 0x0000018fe7ba0150 1873       3       java.util.PriorityQueue::peek (7 bytes)
Event: 2.210 Thread 0x0000018fe7ba0150 nmethod 1873 0x0000018fc275b490 code [0x0000018fc275b620, 0x0000018fc275b758]
Event: 2.213 Thread 0x0000019034ccd7c0 1874   !   4       java.lang.Thread::interrupt (66 bytes)
Event: 2.214 Thread 0x0000019034ccd7c0 nmethod 1874 0x0000018fca08f410 code [0x0000018fca08f5a0, 0x0000018fca08f808]
Event: 2.217 Thread 0x0000019034ccd7c0 1875  s    4       java.util.Hashtable::remove (133 bytes)
Event: 2.219 Thread 0x0000019034ccd7c0 nmethod 1875 0x0000018fca08f990 code [0x0000018fca08fb40, 0x0000018fca090318]
Event: 2.227 Thread 0x0000018fe4c01f30 1876       4       java.util.ArrayList::remove (26 bytes)
Event: 2.227 Thread 0x0000019034ccd7c0 1877       4       java.util.ArrayList::fastRemove (44 bytes)
Event: 2.228 Thread 0x0000019034ccd7c0 nmethod 1877 0x0000018fca090590 code [0x0000018fca090700, 0x0000018fca090838]
Event: 2.228 Thread 0x0000018fe4c01f30 nmethod 1876 0x0000018fca090910 code [0x0000018fca090aa0, 0x0000018fca090c38]
Event: 2.229 Thread 0x0000018fe4c01f30 1878   !   4       java.awt.Container::addImpl (364 bytes)
Event: 2.239 Thread 0x0000019034ccd7c0 1879       4       java.awt.GridBagLayout::addLayoutComponent (34 bytes)
Event: 2.240 Thread 0x0000019034ccd7c0 nmethod 1879 0x0000018fca090e10 code [0x0000018fca090f80, 0x0000018fca091058]
Event: 2.241 Thread 0x0000019034ccd7c0 1880   !   4       java.awt.Container::remove (48 bytes)
Event: 2.241 Thread 0x00000190342d3a20 1882       3       java.util.concurrent.locks.AbstractQueuedSynchronizer$Node::<init> (5 bytes)
Event: 2.241 Thread 0x00000190342d3a20 nmethod 1882 0x0000018fc275b810 code [0x0000018fc275b9a0, 0x0000018fc275baf8]

GC Heap History (20 events):
Event: 1.359 GC heap after
{Heap after GC invocations=2 (full 0):
 garbage-first heap   total 520192K, used 20476K [0x0000000604400000, 0x0000000800000000)
  region size 4096K, 1 young (4096K), 1 survivors (4096K)
 Metaspace       used 9610K, committed 9856K, reserved 1114112K
  class space    used 1109K, committed 1216K, reserved 1048576K
}
Event: 1.378 GC heap before
{Heap before GC invocations=2 (full 0):
 garbage-first heap   total 520192K, used 45052K [0x0000000604400000, 0x0000000800000000)
  region size 4096K, 7 young (28672K), 1 survivors (4096K)
 Metaspace       used 9646K, committed 9856K, reserved 1114112K
  class space    used 1109K, committed 1216K, reserved 1048576K
}
Event: 1.379 GC heap after
{Heap after GC invocations=3 (full 0):
 garbage-first heap   total 520192K, used 20665K [0x0000000604400000, 0x0000000800000000)
  region size 4096K, 1 young (4096K), 1 survivors (4096K)
 Metaspace       used 9646K, committed 9856K, reserved 1114112K
  class space    used 1109K, committed 1216K, reserved 1048576K
}
Event: 1.399 GC heap before
{Heap before GC invocations=3 (full 0):
 garbage-first heap   total 520192K, used 102585K [0x0000000604400000, 0x0000000800000000)
  region size 4096K, 21 young (86016K), 1 survivors (4096K)
 Metaspace       used 9646K, committed 9856K, reserved 1114112K
  class space    used 1109K, committed 1216K, reserved 1048576K
}
Event: 1.399 GC heap after
{Heap after GC invocations=4 (full 0):
 garbage-first heap   total 520192K, used 20565K [0x0000000604400000, 0x0000000800000000)
  region size 4096K, 1 young (4096K), 1 survivors (4096K)
 Metaspace       used 9646K, committed 9856K, reserved 1114112K
  class space    used 1109K, committed 1216K, reserved 1048576K
}
Event: 1.427 GC heap before
{Heap before GC invocations=4 (full 0):
 garbage-first heap   total 520192K, used 327765K [0x0000000604400000, 0x0000000800000000)
  region size 4096K, 76 young (311296K), 1 survivors (4096K)
 Metaspace       used 9646K, committed 9856K, reserved 1114112K
  class space    used 1109K, committed 1216K, reserved 1048576K
}
Event: 1.428 GC heap after
{Heap after GC invocations=5 (full 0):
 garbage-first heap   total 520192K, used 20562K [0x0000000604400000, 0x0000000800000000)
  region size 4096K, 1 young (4096K), 1 survivors (4096K)
 Metaspace       used 9646K, committed 9856K, reserved 1114112K
  class space    used 1109K, committed 1216K, reserved 1048576K
}
Event: 1.457 GC heap before
{Heap before GC invocations=5 (full 0):
 garbage-first heap   total 520192K, used 327762K [0x0000000604400000, 0x0000000800000000)
  region size 4096K, 76 young (311296K), 1 survivors (4096K)
 Metaspace       used 9646K, committed 9856K, reserved 1114112K
  class space    used 1109K, committed 1216K, reserved 1048576K
}
Event: 1.457 GC heap after
{Heap after GC invocations=6 (full 0):
 garbage-first heap   total 520192K, used 20564K [0x0000000604400000, 0x0000000800000000)
  region size 4096K, 1 young (4096K), 1 survivors (4096K)
 Metaspace       used 9646K, committed 9856K, reserved 1114112K
  class space    used 1109K, committed 1216K, reserved 1048576K
}
Event: 1.489 GC heap before
{Heap before GC invocations=6 (full 0):
 garbage-first heap   total 520192K, used 327764K [0x0000000604400000, 0x0000000800000000)
  region size 4096K, 76 young (311296K), 1 survivors (4096K)
 Metaspace       used 9646K, committed 9856K, reserved 1114112K
  class space    used 1109K, committed 1216K, reserved 1048576K
}
Event: 1.780 GC heap after
{Heap after GC invocations=7 (full 0):
 garbage-first heap   total 626688K, used 20560K [0x0000000604400000, 0x0000000800000000)
  region size 4096K, 1 young (4096K), 1 survivors (4096K)
 Metaspace       used 9646K, committed 9856K, reserved 1114112K
  class space    used 1109K, committed 1216K, reserved 1048576K
}
Event: 2.139 GC heap before
{Heap before GC invocations=7 (full 0):
 garbage-first heap   total 626688K, used 389200K [0x0000000604400000, 0x0000000800000000)
  region size 4096K, 91 young (372736K), 1 survivors (4096K)
 Metaspace       used 9765K, committed 9984K, reserved 1114112K
  class space    used 1112K, committed 1216K, reserved 1048576K
}
Event: 2.139 GC heap after
{Heap after GC invocations=8 (full 0):
 garbage-first heap   total 626688K, used 20604K [0x0000000604400000, 0x0000000800000000)
  region size 4096K, 1 young (4096K), 1 survivors (4096K)
 Metaspace       used 9765K, committed 9984K, reserved 1114112K
  class space    used 1112K, committed 1216K, reserved 1048576K
}
Event: 2.161 GC heap before
{Heap before GC invocations=8 (full 0):
 garbage-first heap   total 626688K, used 389244K [0x0000000604400000, 0x0000000800000000)
  region size 4096K, 91 young (372736K), 1 survivors (4096K)
 Metaspace       used 9765K, committed 9984K, reserved 1114112K
  class space    used 1112K, committed 1216K, reserved 1048576K
}
Event: 2.162 GC heap after
{Heap after GC invocations=9 (full 0):
 garbage-first heap   total 626688K, used 20588K [0x0000000604400000, 0x0000000800000000)
  region size 4096K, 1 young (4096K), 1 survivors (4096K)
 Metaspace       used 9765K, committed 9984K, reserved 1114112K
  class space    used 1112K, committed 1216K, reserved 1048576K
}
Event: 2.185 GC heap before
{Heap before GC invocations=9 (full 0):
 garbage-first heap   total 626688K, used 389228K [0x0000000604400000, 0x0000000800000000)
  region size 4096K, 91 young (372736K), 1 survivors (4096K)
 Metaspace       used 9766K, committed 9984K, reserved 1114112K
  class space    used 1112K, committed 1216K, reserved 1048576K
}
Event: 2.185 GC heap after
{Heap after GC invocations=10 (full 0):
 garbage-first heap   total 626688K, used 20588K [0x0000000604400000, 0x0000000800000000)
  region size 4096K, 1 young (4096K), 1 survivors (4096K)
 Metaspace       used 9766K, committed 9984K, reserved 1114112K
  class space    used 1112K, committed 1216K, reserved 1048576K
}
Event: 2.215 GC heap before
{Heap before GC invocations=10 (full 0):
 garbage-first heap   total 626688K, used 389228K [0x0000000604400000, 0x0000000800000000)
  region size 4096K, 91 young (372736K), 1 survivors (4096K)
 Metaspace       used 9766K, committed 9984K, reserved 1114112K
  class space    used 1112K, committed 1216K, reserved 1048576K
}
Event: 2.216 GC heap after
{Heap after GC invocations=11 (full 0):
 garbage-first heap   total 626688K, used 20584K [0x0000000604400000, 0x0000000800000000)
  region size 4096K, 1 young (4096K), 1 survivors (4096K)
 Metaspace       used 9766K, committed 9984K, reserved 1114112K
  class space    used 1112K, committed 1216K, reserved 1048576K
}
Event: 2.256 GC heap before
{Heap before GC invocations=11 (full 0):
 garbage-first heap   total 626688K, used 389224K [0x0000000604400000, 0x0000000800000000)
  region size 4096K, 91 young (372736K), 1 survivors (4096K)
 Metaspace       used 9767K, committed 9984K, reserved 1114112K
  class space    used 1112K, committed 1216K, reserved 1048576K
}

Dll operation events (9 events):
Event: 0.004 Loaded shared library C:\Users\dante\.jdks\corretto-17.0.11\bin\java.dll
Event: 0.017 Loaded shared library C:\Users\dante\.jdks\corretto-17.0.11\bin\jsvml.dll
Event: 0.043 Loaded shared library C:\Users\dante\.jdks\corretto-17.0.11\bin\jimage.dll
Event: 0.046 Loaded shared library C:\Users\dante\.jdks\corretto-17.0.11\bin\net.dll
Event: 0.047 Loaded shared library C:\Users\dante\.jdks\corretto-17.0.11\bin\nio.dll
Event: 0.049 Loaded shared library C:\Users\dante\.jdks\corretto-17.0.11\bin\zip.dll
Event: 0.060 Loaded shared library C:\Users\dante\.jdks\corretto-17.0.11\bin\awt.dll
Event: 0.545 Loaded shared library C:\Users\dante\.jdks\corretto-17.0.11\bin\freetype.dll
Event: 0.545 Loaded shared library C:\Users\dante\.jdks\corretto-17.0.11\bin\fontmanager.dll

Deoptimization events (20 events):
Event: 2.125 Thread 0x000001902d19f800 Uncommon trap: trap_request=0xffffff66 fr.pc=0x0000018fca0669c0 relative=0x00000000000000a0
Event: 2.125 Thread 0x000001902d19f800 Uncommon trap: reason=speculate_class_check action=maybe_recompile pc=0x0000018fca0669c0 method=java.awt.Container.adjustDescendants(I)V @ 17 c2
Event: 2.125 Thread 0x000001902d19f800 DEOPT PACKING pc=0x0000018fca0669c0 sp=0x000000692bffe300
Event: 2.125 Thread 0x000001902d19f800 DEOPT UNPACKING pc=0x0000018fc98ca1a3 sp=0x000000692bffe230 mode 2
Event: 2.125 Thread 0x000001902d19f800 Uncommon trap: trap_request=0xffffff66 fr.pc=0x0000018fca0669c0 relative=0x00000000000000a0
Event: 2.125 Thread 0x000001902d19f800 Uncommon trap: reason=speculate_class_check action=maybe_recompile pc=0x0000018fca0669c0 method=java.awt.Container.adjustDescendants(I)V @ 17 c2
Event: 2.125 Thread 0x000001902d19f800 DEOPT PACKING pc=0x0000018fca0669c0 sp=0x000000692bffe220
Event: 2.125 Thread 0x000001902d19f800 DEOPT UNPACKING pc=0x0000018fc98ca1a3 sp=0x000000692bffe150 mode 2
Event: 2.125 Thread 0x000001902d19f800 Uncommon trap: trap_request=0xffffff66 fr.pc=0x0000018fca0669c0 relative=0x00000000000000a0
Event: 2.125 Thread 0x000001902d19f800 Uncommon trap: reason=speculate_class_check action=maybe_recompile pc=0x0000018fca0669c0 method=java.awt.Container.adjustDescendants(I)V @ 17 c2
Event: 2.125 Thread 0x000001902d19f800 DEOPT PACKING pc=0x0000018fca0669c0 sp=0x000000692bffe140
Event: 2.125 Thread 0x000001902d19f800 DEOPT UNPACKING pc=0x0000018fc98ca1a3 sp=0x000000692bffe070 mode 2
Event: 2.125 Thread 0x000001902d19f800 Uncommon trap: trap_request=0xfffffff4 fr.pc=0x0000018fca03dc20 relative=0x0000000000000180
Event: 2.125 Thread 0x000001902d19f800 Uncommon trap: reason=null_check action=make_not_entrant pc=0x0000018fca03dc20 method=java.awt.geom.AffineTransform.equals(Ljava/lang/Object;)Z @ 1 c2
Event: 2.125 Thread 0x000001902d19f800 DEOPT PACKING pc=0x0000018fca03dc20 sp=0x000000692bffde90
Event: 2.125 Thread 0x000001902d19f800 DEOPT UNPACKING pc=0x0000018fc98ca1a3 sp=0x000000692bffde18 mode 2
Event: 2.126 Thread 0x000001902d19f800 Uncommon trap: trap_request=0xffffffad fr.pc=0x0000018fca070db8 relative=0x0000000000000718
Event: 2.126 Thread 0x000001902d19f800 Uncommon trap: reason=uninitialized action=reinterpret pc=0x0000018fca070db8 method=com.boneless.JCard.fadeInQuestion()V @ 26 c2
Event: 2.126 Thread 0x000001902d19f800 DEOPT PACKING pc=0x0000018fca070db8 sp=0x000000692bffe3b0
Event: 2.126 Thread 0x000001902d19f800 DEOPT UNPACKING pc=0x0000018fc98ca1a3 sp=0x000000692bffe360 mode 2

Classes unloaded (0 events):
No events

Classes redefined (0 events):
No events

Internal exceptions (20 events):
Event: 2.253 Thread 0x00000190349b4530 Exception <a 'java/lang/InterruptedException'{0x0000000615800870}: sleep interrupted> (0x0000000615800870) 
thrown [s\src\hotspot\share\prims\jvm.cpp, line 3038]
Event: 2.253 Thread 0x00000190349b4530 Exception <a 'java/lang/InterruptedException'{0x0000000615a00870}: sleep interrupted> (0x0000000615a00870) 
thrown [s\src\hotspot\share\prims\jvm.cpp, line 3038]
Event: 2.254 Thread 0x00000190349b4530 Exception <a 'java/lang/InterruptedException'{0x0000000615400070}: sleep interrupted> (0x0000000615400070) 
thrown [s\src\hotspot\share\prims\jvm.cpp, line 3038]
Event: 2.254 Thread 0x00000190349b4f50 Exception <a 'java/lang/InterruptedException'{0x0000000615400870}: sleep interrupted> (0x0000000615400870) 
thrown [s\src\hotspot\share\prims\jvm.cpp, line 3038]
Event: 2.254 Thread 0x00000190349ba050 Exception <a 'java/lang/InterruptedException'{0x0000000615600870}: sleep interrupted> (0x0000000615600870) 
thrown [s\src\hotspot\share\prims\jvm.cpp, line 3038]
Event: 2.254 Thread 0x00000190349b6390 Exception <a 'java/lang/InterruptedException'{0x0000000615000070}: sleep interrupted> (0x0000000615000070) 
thrown [s\src\hotspot\share\prims\jvm.cpp, line 3038]
Event: 2.254 Thread 0x00000190349b4530 Exception <a 'java/lang/InterruptedException'{0x0000000615000870}: sleep interrupted> (0x0000000615000870) 
thrown [s\src\hotspot\share\prims\jvm.cpp, line 3038]
Event: 2.254 Thread 0x00000190349ba050 Exception <a 'java/lang/InterruptedException'{0x0000000615200870}: sleep interrupted> (0x0000000615200870) 
thrown [s\src\hotspot\share\prims\jvm.cpp, line 3038]
Event: 2.254 Thread 0x00000190349b8700 Exception <a 'java/lang/InterruptedException'{0x0000000614c00070}: sleep interrupted> (0x0000000614c00070) 
thrown [s\src\hotspot\share\prims\jvm.cpp, line 3038]
Event: 2.255 Thread 0x00000190349b8c10 Exception <a 'java/lang/InterruptedException'{0x0000000614c00870}: sleep interrupted> (0x0000000614c00870) 
thrown [s\src\hotspot\share\prims\jvm.cpp, line 3038]
Event: 2.255 Thread 0x00000190349b81f0 Exception <a 'java/lang/InterruptedException'{0x0000000614e00870}: sleep interrupted> (0x0000000614e00870) 
thrown [s\src\hotspot\share\prims\jvm.cpp, line 3038]
Event: 2.255 Thread 0x00000190349b4530 Exception <a 'java/lang/InterruptedException'{0x0000000614800070}: sleep interrupted> (0x0000000614800070) 
thrown [s\src\hotspot\share\prims\jvm.cpp, line 3038]
Event: 2.255 Thread 0x00000190349b6390 Exception <a 'java/lang/InterruptedException'{0x0000000614800870}: sleep interrupted> (0x0000000614800870) 
thrown [s\src\hotspot\share\prims\jvm.cpp, line 3038]
Event: 2.255 Thread 0x00000190349ba050 Exception <a 'java/lang/InterruptedException'{0x0000000614a00870}: sleep interrupted> (0x0000000614a00870) 
thrown [s\src\hotspot\share\prims\jvm.cpp, line 3038]
Event: 2.255 Thread 0x00000190349b9120 Exception <a 'java/lang/InterruptedException'{0x0000000614400070}: sleep interrupted> (0x0000000614400070) 
thrown [s\src\hotspot\share\prims\jvm.cpp, line 3038]
Event: 2.256 Thread 0x00000190349b4f50 Exception <a 'java/lang/InterruptedException'{0x0000000614400870}: sleep interrupted> (0x0000000614400870) 
thrown [s\src\hotspot\share\prims\jvm.cpp, line 3038]
Event: 2.256 Thread 0x00000190349b9630 Exception <a 'java/lang/InterruptedException'{0x0000000614600870}: sleep interrupted> (0x0000000614600870) 
thrown [s\src\hotspot\share\prims\jvm.cpp, line 3038]
Event: 2.256 Thread 0x00000190349bb490 Exception <a 'java/lang/InterruptedException'{0x0000000614000070}: sleep interrupted> (0x0000000614000070) 
thrown [s\src\hotspot\share\prims\jvm.cpp, line 3038]
Event: 2.256 Thread 0x00000190349b6390 Exception <a 'java/lang/InterruptedException'{0x0000000614000870}: sleep interrupted> (0x0000000614000870) 
thrown [s\src\hotspot\share\prims\jvm.cpp, line 3038]
Event: 2.256 Thread 0x00000190349b8c10 Exception <a 'java/lang/InterruptedException'{0x0000000614200870}: sleep interrupted> (0x0000000614200870) 
thrown [s\src\hotspot\share\prims\jvm.cpp, line 3038]

VM Operations (20 events):
Event: 1.359 Executing VM operation: G1CollectForAllocation done
Event: 1.378 Executing VM operation: G1CollectForAllocation
Event: 1.379 Executing VM operation: G1CollectForAllocation done
Event: 1.398 Executing VM operation: G1CollectForAllocation
Event: 1.399 Executing VM operation: G1CollectForAllocation done
Event: 1.427 Executing VM operation: G1CollectForAllocation
Event: 1.428 Executing VM operation: G1CollectForAllocation done
Event: 1.457 Executing VM operation: G1CollectForAllocation
Event: 1.458 Executing VM operation: G1CollectForAllocation done
Event: 1.489 Executing VM operation: G1CollectForAllocation
Event: 1.780 Executing VM operation: G1CollectForAllocation done
Event: 2.138 Executing VM operation: G1CollectForAllocation
Event: 2.139 Executing VM operation: G1CollectForAllocation done
Event: 2.161 Executing VM operation: G1CollectForAllocation
Event: 2.162 Executing VM operation: G1CollectForAllocation done
Event: 2.185 Executing VM operation: G1CollectForAllocation
Event: 2.185 Executing VM operation: G1CollectForAllocation done
Event: 2.215 Executing VM operation: G1CollectForAllocation
Event: 2.216 Executing VM operation: G1CollectForAllocation done
Event: 2.256 Executing VM operation: G1CollectForAllocation

Events (20 events):
Event: 2.255 Thread 0x00000190349b81f0 Thread exited: 0x00000190349b81f0
Event: 2.255 Thread 0x00000190349b4530 Thread added: 0x00000190349b4530
Event: 2.255 Thread 0x00000190349b4530 Thread exited: 0x00000190349b4530
Event: 2.255 Thread 0x00000190349b6390 Thread added: 0x00000190349b6390
Event: 2.255 Thread 0x00000190349b6390 Thread exited: 0x00000190349b6390
Event: 2.255 Thread 0x00000190349ba050 Thread added: 0x00000190349ba050
Event: 2.255 Thread 0x00000190349ba050 Thread exited: 0x00000190349ba050
Event: 2.255 Thread 0x00000190349b9120 Thread added: 0x00000190349b9120
Event: 2.255 Thread 0x00000190349b9120 Thread exited: 0x00000190349b9120
Event: 2.256 Thread 0x00000190349b4f50 Thread added: 0x00000190349b4f50
Event: 2.256 Thread 0x00000190349b4f50 Thread exited: 0x00000190349b4f50
Event: 2.256 Thread 0x00000190349b9630 Thread added: 0x00000190349b9630
Event: 2.256 Thread 0x00000190349b9630 Thread exited: 0x00000190349b9630
Event: 2.256 Thread 0x00000190349bb490 Thread added: 0x00000190349bb490
Event: 2.256 Thread 0x00000190349bb490 Thread exited: 0x00000190349bb490
Event: 2.256 Thread 0x00000190349b6390 Thread added: 0x00000190349b6390
Event: 2.256 Thread 0x00000190349b6390 Thread exited: 0x00000190349b6390
Event: 2.256 Thread 0x00000190349b8c10 Thread added: 0x00000190349b8c10
Event: 2.256 Thread 0x00000190349b8c10 Thread exited: 0x00000190349b8c10
Event: 2.256 Thread 0x00000190349b9630 Thread added: 0x00000190349b9630


Dynamic libraries:
0x00007ff6c1b90000 - 0x00007ff6c1b9e000 	C:\Users\dante\.jdks\corretto-17.0.11\bin\java.exe
0x00007fffc7670000 - 0x00007fffc7887000 	C:\Windows\SYSTEM32\ntdll.dll
0x00007fffc65a0000 - 0x00007fffc6664000 	C:\Windows\System32\KERNEL32.DLL
0x00007fffc4cc0000 - 0x00007fffc5067000 	C:\Windows\System32\KERNELBASE.dll
0x00007fffc5280000 - 0x00007fffc5391000 	C:\Windows\System32\ucrtbase.dll
0x00007fffb6e30000 - 0x00007fffb6e47000 	C:\Users\dante\.jdks\corretto-17.0.11\bin\jli.dll
0x00007fffb6ee0000 - 0x00007fffb6efb000 	C:\Users\dante\.jdks\corretto-17.0.11\bin\VCRUNTIME140.dll
0x00007fffc7190000 - 0x00007fffc733e000 	C:\Windows\System32\USER32.dll
0x00007fffc5070000 - 0x00007fffc5096000 	C:\Windows\System32\win32u.dll
0x00007fffba300000 - 0x00007fffba593000 	C:\Windows\WinSxS\amd64_microsoft.windows.common-controls_6595b64144ccf1df_6.0.22621.3527_none_270e469b73872a76\COMCTL32.dll
0x00007fffc6570000 - 0x00007fffc6599000 	C:\Windows\System32\GDI32.dll
0x00007fffc4af0000 - 0x00007fffc4c09000 	C:\Windows\System32\gdi32full.dll
0x00007fffc6f60000 - 0x00007fffc7007000 	C:\Windows\System32\msvcrt.dll
0x00007fffc4a50000 - 0x00007fffc4aea000 	C:\Windows\System32\msvcp_win.dll
0x00007fffc6f20000 - 0x00007fffc6f51000 	C:\Windows\System32\IMM32.DLL
0x00007fffb7070000 - 0x00007fffb707c000 	C:\Users\dante\.jdks\corretto-17.0.11\bin\vcruntime140_1.dll
0x00007fffade50000 - 0x00007fffadedd000 	C:\Users\dante\.jdks\corretto-17.0.11\bin\msvcp140.dll
0x00007ffefba60000 - 0x00007ffefc6c2000 	C:\Users\dante\.jdks\corretto-17.0.11\bin\server\jvm.dll
0x00007fffc5530000 - 0x00007fffc55e2000 	C:\Windows\System32\ADVAPI32.dll
0x00007fffc6e70000 - 0x00007fffc6f18000 	C:\Windows\System32\sechost.dll
0x00007fffc4c10000 - 0x00007fffc4c38000 	C:\Windows\System32\bcrypt.dll
0x00007fffc5410000 - 0x00007fffc5525000 	C:\Windows\System32\RPCRT4.dll
0x00007fffc37d0000 - 0x00007fffc381d000 	C:\Windows\SYSTEM32\POWRPROF.dll
0x00007fffaeb70000 - 0x00007fffaeb79000 	C:\Windows\SYSTEM32\WSOCK32.dll
0x00007fffb52e0000 - 0x00007fffb5314000 	C:\Windows\SYSTEM32\WINMM.dll
0x00007fffc73f0000 - 0x00007fffc7461000 	C:\Windows\System32\WS2_32.dll
0x00007fffbbf80000 - 0x00007fffbbf8a000 	C:\Windows\SYSTEM32\VERSION.dll
0x00007fffc37b0000 - 0x00007fffc37c3000 	C:\Windows\SYSTEM32\UMPDC.dll
0x00007fffc3a60000 - 0x00007fffc3a78000 	C:\Windows\SYSTEM32\kernel.appcore.dll
0x00007fffb35b0000 - 0x00007fffb35ba000 	C:\Users\dante\.jdks\corretto-17.0.11\bin\jimage.dll
0x00007fffb39b0000 - 0x00007fffb3be2000 	C:\Windows\SYSTEM32\DBGHELP.DLL
0x00007fffc67d0000 - 0x00007fffc6b58000 	C:\Windows\System32\combase.dll
0x00007fffc6be0000 - 0x00007fffc6cb7000 	C:\Windows\System32\OLEAUT32.dll
0x00007fffacf10000 - 0x00007fffacf42000 	C:\Windows\SYSTEM32\dbgcore.DLL
0x00007fffc4c40000 - 0x00007fffc4cb9000 	C:\Windows\System32\bcryptPrimitives.dll
0x00007fffadf00000 - 0x00007fffadf25000 	C:\Users\dante\.jdks\corretto-17.0.11\bin\java.dll
0x00007fff6f920000 - 0x00007fff6f9f7000 	C:\Users\dante\.jdks\corretto-17.0.11\bin\jsvml.dll
0x00007fffc5640000 - 0x00007fffc5e9c000 	C:\Windows\System32\SHELL32.dll
0x00007fffc2890000 - 0x00007fffc3186000 	C:\Windows\SYSTEM32\windows.storage.dll
0x00007fffc2750000 - 0x00007fffc288e000 	C:\Windows\SYSTEM32\wintypes.dll
0x00007fffc5f10000 - 0x00007fffc6005000 	C:\Windows\System32\SHCORE.dll
0x00007fffc5eb0000 - 0x00007fffc5f0e000 	C:\Windows\System32\shlwapi.dll
0x00007fffc48c0000 - 0x00007fffc48e1000 	C:\Windows\SYSTEM32\profapi.dll
0x00007fff9a110000 - 0x00007fff9a129000 	C:\Users\dante\.jdks\corretto-17.0.11\bin\net.dll
0x00007fffbf300000 - 0x00007fffbf436000 	C:\Windows\SYSTEM32\WINHTTP.dll
0x00007fffc3ec0000 - 0x00007fffc3f29000 	C:\Windows\system32\mswsock.dll
0x00007fff95a10000 - 0x00007fff95a26000 	C:\Users\dante\.jdks\corretto-17.0.11\bin\nio.dll
0x00007fffad6b0000 - 0x00007fffad6c8000 	C:\Users\dante\.jdks\corretto-17.0.11\bin\zip.dll
0x00007fff6e830000 - 0x00007fff6e9c0000 	C:\Users\dante\.jdks\corretto-17.0.11\bin\awt.dll
0x00007fffc1cd0000 - 0x00007fffc1d67000 	C:\Windows\SYSTEM32\apphelp.dll
0x00007fffc1e10000 - 0x00007fffc1ebb000 	C:\Windows\system32\uxtheme.dll
0x00007fffc6670000 - 0x00007fffc67c3000 	C:\Windows\System32\MSCTF.dll
0x00007fffc6cc0000 - 0x00007fffc6e65000 	C:\Windows\System32\ole32.dll
0x00007fffc2050000 - 0x00007fffc207b000 	C:\Windows\system32\DWMAPI.DLL
0x00007fff6cdf0000 - 0x00007fff6cef0000 	C:\Windows\system32\opengl32.dll
0x00007fffaa3b0000 - 0x00007fffaa3dd000 	C:\Windows\SYSTEM32\GLU32.dll
0x00007fffc20c0000 - 0x00007fffc20f9000 	C:\Windows\SYSTEM32\dxcore.dll
0x00007fff88f50000 - 0x00007fff890f9000 	C:\Windows\system32\d3d9.dll
0x00007fffbbf90000 - 0x00007fffbc04e000 	C:\Windows\System32\DriverStore\FileRepository\nv_dispig.inf_amd64_268e85175aa9e991\nvldumdx.dll
0x00007fffc4620000 - 0x00007fffc4632000 	C:\Windows\SYSTEM32\msasn1.dll
0x00007fffbbf40000 - 0x00007fffbbf72000 	C:\Windows\SYSTEM32\cryptnet.dll
0x00007fffc5110000 - 0x00007fffc5278000 	C:\Windows\System32\CRYPT32.dll
0x00007fffbbde0000 - 0x00007fffbbf38000 	C:\Windows\SYSTEM32\drvstore.dll
0x00007fffc4640000 - 0x00007fffc466c000 	C:\Windows\SYSTEM32\devobj.dll
0x00007fffc4690000 - 0x00007fffc46de000 	C:\Windows\SYSTEM32\cfgmgr32.dll
0x00007fffc4140000 - 0x00007fffc4189000 	C:\Windows\SYSTEM32\wldp.dll
0x00007fffc41f0000 - 0x00007fffc41fc000 	C:\Windows\SYSTEM32\cryptbase.dll
0x00007fffc50a0000 - 0x00007fffc510b000 	C:\Windows\System32\wintrust.dll
0x00007fffc7170000 - 0x00007fffc718f000 	C:\Windows\System32\imagehlp.dll
0x00007fffc4210000 - 0x00007fffc422b000 	C:\Windows\SYSTEM32\CRYPTSP.dll
0x00007fffc39c0000 - 0x00007fffc39f5000 	C:\Windows\system32\rsaenh.dll
0x00007fffb74a0000 - 0x00007fffb96be000 	C:\Windows\System32\DriverStore\FileRepository\nv_dispig.inf_amd64_268e85175aa9e991\nvgpucomp64.dll
0x00007fff38cd0000 - 0x00007fff3b07f000 	C:\Windows\System32\DriverStore\FileRepository\nv_dispig.inf_amd64_268e85175aa9e991\nvd3dumx.dll
0x00007fffbefa0000 - 0x00007fffbefea000 	C:\Windows\SYSTEM32\directxdatabasehelper.dll
0x00007fff4bd30000 - 0x00007fff4c000000 	C:\Windows\system32\nvspcap64.dll
0x00007fffc3a80000 - 0x00007fffc3ab4000 	C:\Windows\SYSTEM32\ntmarta.dll
0x00007fffc3f30000 - 0x00007fffc3f56000 	C:\Windows\SYSTEM32\gpapi.dll
0x00007fff85670000 - 0x00007fff856f7000 	C:\Users\dante\.jdks\corretto-17.0.11\bin\freetype.dll
0x00007fff6dae0000 - 0x00007fff6dbc2000 	C:\Users\dante\.jdks\corretto-17.0.11\bin\fontmanager.dll
0x00007fffc7340000 - 0x00007fffc73f0000 	C:\Windows\System32\clbcatq.dll
0x00007fffbfef0000 - 0x00007fffc00a0000 	C:\Windows\SYSTEM32\WindowsCodecs.dll
0x00007fff84bb0000 - 0x00007fff84c0e000 	C:\Windows\system32\dataexchange.dll
0x00007fffbc770000 - 0x00007fffbc9fb000 	C:\Windows\system32\twinapi.appcore.dll
0x00007fffa51b0000 - 0x00007fffa52fb000 	C:\Windows\SYSTEM32\textinputframework.dll
0x00007fffc17e0000 - 0x00007fffc1913000 	C:\Windows\SYSTEM32\CoreMessaging.dll
0x00007fffbe700000 - 0x00007fffbea6c000 	C:\Windows\SYSTEM32\CoreUIComponents.dll

dbghelp: loaded successfully - version: 4.0.5 - missing functions: none
symbol engine: initialized successfully - sym options: 0x614 - pdb path: .;C:\Users\dante\.jdks\corretto-17.0.11\bin;C:\Windows\SYSTEM32;C:\Windows\WinSxS\amd64_microsoft.windows.common-controls_6595b64144ccf1df_6.0.22621.3527_none_270e469b73872a76;C:\Users\dante\.jdks\corretto-17.0.11\bin\server;C:\Windows\System32\DriverStore\FileRepository\nv_dispig.inf_amd64_268e85175aa9e991

VM Arguments:
jvm_args: -Dfile.encoding=windows-1252 -Duser.country=US -Duser.language=en -Duser.variant 
java_command: com.boneless.Main -card
java_class_path (initial): C:\Users\dante\IdeaProjects\APCompFinalProject\build\classes\java\main;C:\Users\dante\IdeaProjects\APCompFinalProject\build\resources\main;C:\Users\dante\.gradle\caches\modules-2\files-2.1\org.json\json\20231013\e22e0c040fe16f04ffdb85d851d77b07fc05ea52\json-20231013.jar
Launcher Type: SUN_STANDARD

[Global flags]
     intx CICompilerCount                          = 12                                        {product} {ergonomic}
     uint ConcGCThreads                            = 3                                         {product} {ergonomic}
     uint G1ConcRefinementThreads                  = 13                                        {product} {ergonomic}
   size_t G1HeapRegionSize                         = 4194304                                   {product} {ergonomic}
    uintx GCDrainStackTargetSize                   = 64                                        {product} {ergonomic}
   size_t InitialHeapSize                          = 532676608                                 {product} {ergonomic}
   size_t MarkStackSize                            = 4194304                                   {product} {ergonomic}
   size_t MaxHeapSize                              = 8518631424                                {product} {ergonomic}
   size_t MaxNewSize                               = 5108662272                                {product} {ergonomic}
   size_t MinHeapDeltaBytes                        = 4194304                                   {product} {ergonomic}
   size_t MinHeapSize                              = 8388608                                   {product} {ergonomic}
    uintx NonNMethodCodeHeapSize                   = 7602480                                {pd product} {ergonomic}
    uintx NonProfiledCodeHeapSize                  = 122027880                              {pd product} {ergonomic}
    uintx ProfiledCodeHeapSize                     = 122027880                              {pd product} {ergonomic}
    uintx ReservedCodeCacheSize                    = 251658240                              {pd product} {ergonomic}
     bool SegmentedCodeCache                       = true                                      {product} {ergonomic}
   size_t SoftMaxHeapSize                          = 8518631424                             {manageable} {ergonomic}
     bool UseCompressedClassPointers               = true                           {product lp64_product} {ergonomic}
     bool UseCompressedOops                        = true                           {product lp64_product} {ergonomic}
     bool UseG1GC                                  = true                                      {product} {ergonomic}
     bool UseLargePagesIndividualAllocation        = false                                  {pd product} {ergonomic}

Logging:
Log output configuration:
 #0: stdout all=warning uptime,level,tags
 #1: stderr all=off uptime,level,tags

Environment Variables:
PATH=C:\Program Files (x86)\Common Files\Oracle\Java\javapath;C:\Program Files\Oculus\Support\oculus-runtime;C:\Windows\system32;C:\Windows;C:\Windows\System32\Wbem;C:\Windows\System32\WindowsPowerShell\v1.0\;C:\Windows\System32\OpenSSH\;C:\Program Files (x86)\NVIDIA Corporation\PhysX\Common;C:\Program Files\dotnet\;C:\Program Files\NVIDIA Corporation\NVIDIA NvDLISR;C:\Program Files\Git\cmd;C:\Users\dante\AppData\Local\Microsoft\WindowsApps;C:\Users\dante\Microsoft VS Code\bin;C:\Users\dante\Downloads\jdk-17.0.9_windows-x64_bin\jdk-17.0.9\bin;
USERNAME=dante
OS=Windows_NT
PROCESSOR_IDENTIFIER=AMD64 Family 25 Model 97 Stepping 2, AuthenticAMD
TMP=C:\Users\dante\AppData\Local\Temp
TEMP=C:\Users\dante\AppData\Local\Temp



Periodic native trim disabled


---------------  S Y S T E M  ---------------

OS:
 Windows 11 , 64 bit Build 22621 (10.0.22621.3527)
OS uptime: 3 days 6:39 hours
Hyper-V role detected

CPU: total 16 (initial active 16) (16 cores per cpu, 2 threads per core) family 25 model 97 stepping 2 microcode 0x0, cx8, cmov, fxsr, ht, mmx, 3dnowpref, sse, sse2, sse3, ssse3, sse4a, sse4.1, sse4.2, popcnt, lzcnt, tsc, tscinvbit, avx, avx2, aes, erms, clmul, bmi1, bmi2, adx, avx512f, avx512dq, avx512cd, avx512bw, avx512vl, sha, fma, vzeroupper, avx512_vpopcntdq, avx512_vpclmulqdq, avx512_vaes, avx512_vnni, clflush, clflushopt, avx512_vbmi2, avx512_vbmi, hv
Processor Information for all 16 processors :
  Max Mhz: 4501, Current Mhz: 4501, Mhz Limit: 4501

Memory: 4k page, system-wide physical 32490M (15467M free)
TotalPageFile size 130794M (AvailPageFile size 73M)
current process WorkingSet (physical memory assigned to process): 199M, peak: 201M
current process commit charge ("private bytes"): 853M, peak: 1911M

vm_info: OpenJDK 64-Bit Server VM (17.0.11+9-LTS) for windows-amd64 JRE (17.0.11+9-LTS), built on Apr 10 2024 22:12:24 by "Administrator" with MS VC++ 16.10 / 16.11 (VS2019)

END.
