#
# There is insufficient memory for the Java Runtime Environment to continue.
# Native memory allocation (mmap) failed to map 138412032 bytes. Error detail: G1 virtual space
# Possible reasons:
#   The system is out of physical RAM or swap space
#   This process is running with CompressedOops enabled, and the Java Heap may be blocking the growth of the native heap
# Possible solutions:
#   Reduce memory load on the system
#   Increase physical memory or swap space
#   Check if swap backing store is full
#   Decrease Java heap size (-Xmx/-Xms)
#   Decrease number of Java threads
#   Decrease Java thread stack sizes (-Xss)
#   Set larger code cache with -XX:ReservedCodeCacheSize=
#   JVM is running with Zero Based Compressed Oops mode in which the Java heap is
#     placed in the first 32GB address space. The Java Heap base address is the
#     maximum limit for the native heap growth. Please use -XX:HeapBaseMinAddress
#     to set the Java Heap base and to place the Java Heap above 32GB virtual address.
# This output file may be truncated or incomplete.
#
#  Out of Memory Error (os_windows.cpp:3613), pid=23132, tid=10224
#
# JRE version: OpenJDK Runtime Environment Corretto-17.0.11.9.1 (17.0.11+9) (build 17.0.11+9-LTS)
# Java VM: OpenJDK 64-Bit Server VM Corretto-17.0.11.9.1 (17.0.11+9-LTS, mixed mode, sharing, tiered, compressed oops, compressed class ptrs, g1 gc, windows-amd64)
# No core dump will be written. Minidumps are not enabled by default on client versions of Windows
#

---------------  S U M M A R Y ------------

Command Line: -Dfile.encoding=windows-1252 -Duser.country=US -Duser.language=en -Duser.variant com.boneless.Main -card

Host: AMD Ryzen 7 7700X 8-Core Processor             , 16 cores, 31G,  Windows 11 , 64 bit Build 22621 (10.0.22621.3527)
Time: Sat Jun  8 23:03:34 2024 Pacific Daylight Time elapsed time: 1.753603 seconds (0d 0h 0m 1s)

---------------  T H R E A D  ---------------

Current thread (0x000001ea3b84aa30):  VMThread "VM Thread" [stack: 0x0000004ff4d00000,0x0000004ff4e00000] [id=10224]

Stack: [0x0000004ff4d00000,0x0000004ff4e00000]
Native frames: (J=compiled Java code, j=interpreted, Vv=VM code, C=native code)
V  [jvm.dll+0x67d009]
V  [jvm.dll+0x83489a]
V  [jvm.dll+0x83635e]
V  [jvm.dll+0x8369c3]
V  [jvm.dll+0x2479df]
V  [jvm.dll+0x679e49]
V  [jvm.dll+0x66e8ba]
V  [jvm.dll+0x30755b]
V  [jvm.dll+0x30ea06]
V  [jvm.dll+0x35e40e]
V  [jvm.dll+0x35e63f]
V  [jvm.dll+0x2de298]
V  [jvm.dll+0x2dc6a4]
V  [jvm.dll+0x2dbcac]
V  [jvm.dll+0x31f6cb]
V  [jvm.dll+0x83aebb]
V  [jvm.dll+0x83bbf2]
V  [jvm.dll+0x83c10d]
V  [jvm.dll+0x83c4e4]
V  [jvm.dll+0x83c5b0]
V  [jvm.dll+0x7e3e0a]
V  [jvm.dll+0x67bef5]
C  [ucrtbase.dll+0x29333]
C  [KERNEL32.DLL+0x1257d]
C  [ntdll.dll+0x5aa48]

VM_Operation (0x0000004ff645ed50): G1CollectForAllocation, mode: safepoint, requested by thread 0x000001ea90d8a6a0


---------------  P R O C E S S  ---------------

Threads class SMR info:
_java_thread_list=0x000001ea8b757e20, length=24, elements={
0x000001ea3b8528f0, 0x000001ea3b8534b0, 0x000001ea3b86d270, 0x000001ea3b86de30,
0x000001ea3b870900, 0x000001ea3b8736d0, 0x000001ea3b877970, 0x000001ea3b878420,
0x000001ea3b87c230, 0x000001ea3e7f3390, 0x000001ea3e807d40, 0x000001ea3e80ac90,
0x000001ea84037410, 0x000001ea84037f00, 0x000001ea840389f0, 0x000001ea8403e4a0,
0x000001ea114a8ac0, 0x000001ea8ae11c90, 0x000001ea8ae619b0, 0x000001ea84496290,
0x000001ea84495360, 0x000001ea8b4972f0, 0x000001ea8f21aa30, 0x000001ea90d8a6a0
}

Java Threads: ( => current thread )
  0x000001ea3b8528f0 JavaThread "Reference Handler" daemon [_thread_blocked, id=37160, stack(0x0000004ff4e00000,0x0000004ff4f00000)]
  0x000001ea3b8534b0 JavaThread "Finalizer" daemon [_thread_blocked, id=35024, stack(0x0000004ff4f00000,0x0000004ff5000000)]
  0x000001ea3b86d270 JavaThread "Signal Dispatcher" daemon [_thread_blocked, id=29076, stack(0x0000004ff5000000,0x0000004ff5100000)]
  0x000001ea3b86de30 JavaThread "Attach Listener" daemon [_thread_blocked, id=9604, stack(0x0000004ff5100000,0x0000004ff5200000)]
  0x000001ea3b870900 JavaThread "Service Thread" daemon [_thread_blocked, id=9536, stack(0x0000004ff5200000,0x0000004ff5300000)]
  0x000001ea3b8736d0 JavaThread "Monitor Deflation Thread" daemon [_thread_blocked, id=31176, stack(0x0000004ff5300000,0x0000004ff5400000)]
  0x000001ea3b877970 JavaThread "C2 CompilerThread0" daemon [_thread_blocked, id=31808, stack(0x0000004ff5400000,0x0000004ff5500000)]
  0x000001ea3b878420 JavaThread "C1 CompilerThread0" daemon [_thread_blocked, id=32976, stack(0x0000004ff5500000,0x0000004ff5600000)]
  0x000001ea3b87c230 JavaThread "Sweeper thread" daemon [_thread_blocked, id=36688, stack(0x0000004ff5600000,0x0000004ff5700000)]
  0x000001ea3e7f3390 JavaThread "C1 CompilerThread1" daemon [_thread_blocked, id=33360, stack(0x0000004ff5700000,0x0000004ff5800000)]
  0x000001ea3e807d40 JavaThread "Notification Thread" daemon [_thread_blocked, id=12080, stack(0x0000004ff5800000,0x0000004ff5900000)]
  0x000001ea3e80ac90 JavaThread "Common-Cleaner" daemon [_thread_blocked, id=36380, stack(0x0000004ff5a00000,0x0000004ff5b00000)]
  0x000001ea84037410 JavaThread "Java2D Disposer" daemon [_thread_blocked, id=3948, stack(0x0000004ff5b00000,0x0000004ff5c00000)]
  0x000001ea84037f00 JavaThread "AWT-Shutdown" [_thread_blocked, id=22952, stack(0x0000004ff5c00000,0x0000004ff5d00000)]
  0x000001ea840389f0 JavaThread "AWT-Windows" daemon [_thread_in_native, id=37008, stack(0x0000004ff5d00000,0x0000004ff5e00000)]
  0x000001ea8403e4a0 JavaThread "AWT-EventQueue-0" [_thread_blocked, id=24588, stack(0x0000004ff5e00000,0x0000004ff5f00000)]
  0x000001ea114a8ac0 JavaThread "DestroyJavaVM" [_thread_blocked, id=31320, stack(0x0000004ff4700000,0x0000004ff4800000)]
  0x000001ea8ae11c90 JavaThread "C1 CompilerThread2" daemon [_thread_blocked, id=37368, stack(0x0000004ff6460000,0x0000004ff6560000)]
  0x000001ea8ae619b0 JavaThread "C1 CompilerThread3" daemon [_thread_blocked, id=29428, stack(0x0000004ff6560000,0x0000004ff6660000)]
  0x000001ea84496290 JavaThread "TimerQueue" daemon [_thread_blocked, id=11640, stack(0x0000004ff7160000,0x0000004ff7260000)]
  0x000001ea84495360 JavaThread "D3D Screen Updater" daemon [_thread_blocked, id=38396, stack(0x0000004ff7560000,0x0000004ff7660000)]
  0x000001ea8b4972f0 JavaThread "Thread-1468" [_thread_blocked, id=23172, stack(0x0000004ff6260000,0x0000004ff6360000)]
  0x000001ea8f21aa30 JavaThread "C2 CompilerThread1" daemon [_thread_blocked, id=38476, stack(0x0000004ffa380000,0x0000004ffa480000)]
  0x000001ea90d8a6a0 JavaThread "Thread-2988" [_thread_blocked, id=14640, stack(0x0000004ff6360000,0x0000004ff6460000)]

Other Threads:
=>0x000001ea3b84aa30 VMThread "VM Thread" [stack: 0x0000004ff4d00000,0x0000004ff4e00000] [id=10224]
  0x000001ea3e808830 WatcherThread [stack: 0x0000004ff5900000,0x0000004ff5a00000] [id=27688]
  0x000001ea11558670 GCTaskThread "GC Thread#0" [stack: 0x0000004ff4800000,0x0000004ff4900000] [id=22764]
  0x000001ea8b1b9600 GCTaskThread "GC Thread#1" [stack: 0x0000004ff6660000,0x0000004ff6760000] [id=30896]
  0x000001ea8ae61470 GCTaskThread "GC Thread#2" [stack: 0x0000004ff6760000,0x0000004ff6860000] [id=33648]
  0x000001ea8b144830 GCTaskThread "GC Thread#3" [stack: 0x0000004ff6860000,0x0000004ff6960000] [id=39688]
  0x000001ea8aeec970 GCTaskThread "GC Thread#4" [stack: 0x0000004ff6960000,0x0000004ff6a60000] [id=35764]
  0x000001ea8aeedcb0 GCTaskThread "GC Thread#5" [stack: 0x0000004ff6a60000,0x0000004ff6b60000] [id=12360]
  0x000001ea8aeec130 GCTaskThread "GC Thread#6" [stack: 0x0000004ff6b60000,0x0000004ff6c60000] [id=28956]
  0x000001ea8aeecc30 GCTaskThread "GC Thread#7" [stack: 0x0000004ff6c60000,0x0000004ff6d60000] [id=25248]
  0x000001ea8aeecef0 GCTaskThread "GC Thread#8" [stack: 0x0000004ff6d60000,0x0000004ff6e60000] [id=23276]
  0x000001ea8aeec3f0 GCTaskThread "GC Thread#9" [stack: 0x0000004ff6e60000,0x0000004ff6f60000] [id=4964]
  0x000001ea8aeec6b0 GCTaskThread "GC Thread#10" [stack: 0x0000004ff6f60000,0x0000004ff7060000] [id=39216]
  0x000001ea8aeed1b0 GCTaskThread "GC Thread#11" [stack: 0x0000004ff7060000,0x0000004ff7160000] [id=8700]
  0x000001ea8aeed470 GCTaskThread "GC Thread#12" [stack: 0x0000004ff7980000,0x0000004ff7a80000] [id=33984]
  0x000001ea3b69bf00 ConcurrentGCThread "G1 Main Marker" [stack: 0x0000004ff4900000,0x0000004ff4a00000] [id=9896]
  0x000001ea3b69c920 ConcurrentGCThread "G1 Conc#0" [stack: 0x0000004ff4a00000,0x0000004ff4b00000] [id=5812]
  0x000001ea3b7853f0 ConcurrentGCThread "G1 Refine#0" [stack: 0x0000004ff4b00000,0x0000004ff4c00000] [id=13844]
  0x000001ea3b785e20 ConcurrentGCThread "G1 Service" [stack: 0x0000004ff4c00000,0x0000004ff4d00000] [id=38700]

Threads with active compile tasks:
C2 CompilerThread0     1761 1919   !   4       java.awt.Container::remove (48 bytes)
C2 CompilerThread1     1761 1916   !   4       java.awt.Container::addImpl (364 bytes)

VM state: at safepoint (normal execution)

VM Mutex/Monitor currently owned by a thread:  ([mutex/lock_event])
[0x000001ea114a3d30] Threads_lock - owner thread: 0x000001ea3b84aa30
[0x000001ea114a3ee0] Heap_lock - owner thread: 0x000001ea90d8a6a0

OutOfMemory and StackOverflow Exception counts:
StackOverflowErrors=1
LinkageErrors=10

Heap address: 0x0000000604400000, size: 8124 MB, Compressed Oops mode: Zero based, Oop shift amount: 3

CDS archive(s) mapped at: [0x000001ea3f000000-0x000001ea3fbb0000-0x000001ea3fbb0000), size 12255232, SharedBaseAddress: 0x000001ea3f000000, ArchiveRelocationMode: 1.
Compressed class space mapped at: 0x000001ea40000000-0x000001ea80000000, reserved size: 1073741824
Narrow klass base: 0x000001ea3f000000, Narrow klass shift: 0, Narrow klass range: 0x100000000

GC Precious Log:
 CPUs: 16 total, 16 available
 Memory: 32490M
 Large Page Support: Disabled
 NUMA Support: Disabled
 Compressed Oops: Enabled (Zero based)
 Heap Region Size: 4M
 Heap Min Capacity: 8M
 Heap Initial Capacity: 508M
 Heap Max Capacity: 8124M
 Pre-touch: Disabled
 Parallel Workers: 13
 Concurrent Workers: 3
 Concurrent Refinement Workers: 13
 Periodic GC: Disabled

Heap:
 garbage-first heap   total 671744K, used 20456K [0x0000000604400000, 0x0000000800000000)
  region size 4096K, 1 young (4096K), 1 survivors (4096K)
 Metaspace       used 9803K, committed 10048K, reserved 1114112K
  class space    used 1112K, committed 1216K, reserved 1048576K

Heap Regions: E=young(eden), S=young(survivor), O=old, HS=humongous(starts), HC=humongous(continues), CS=collection set, F=free, OA=open archive, CA=closed archive, TAMS=top-at-mark-start (previous, next)
|   0|0x0000000604400000, 0x0000000604800000, 0x0000000604800000|100%| O|  |TAMS 0x0000000604400000, 0x0000000604400000| Untracked 
|   1|0x0000000604800000, 0x0000000604c00000, 0x0000000604c00000|100%| O|  |TAMS 0x0000000604800000, 0x0000000604800000| Untracked 
|   2|0x0000000604c00000, 0x0000000605000000, 0x0000000605000000|100%| O|  |TAMS 0x0000000604c00000, 0x0000000604c00000| Untracked 
|   3|0x0000000605000000, 0x0000000605400000, 0x0000000605400000|100%| O|  |TAMS 0x0000000605000000, 0x0000000605000000| Untracked 
|   4|0x0000000605400000, 0x00000006057ed400, 0x0000000605800000| 98%| O|  |TAMS 0x0000000605400000, 0x0000000605400000| Untracked 
|   5|0x0000000605800000, 0x0000000605800000, 0x0000000605c00000|  0%| F|  |TAMS 0x0000000605800000, 0x0000000605800000| Untracked 
|   6|0x0000000605c00000, 0x0000000605c00000, 0x0000000606000000|  0%| F|  |TAMS 0x0000000605c00000, 0x0000000605c00000| Untracked 
|   7|0x0000000606000000, 0x0000000606000000, 0x0000000606400000|  0%| F|  |TAMS 0x0000000606000000, 0x0000000606000000| Untracked 
|   8|0x0000000606400000, 0x0000000606400000, 0x0000000606800000|  0%| F|  |TAMS 0x0000000606400000, 0x0000000606400000| Untracked 
|   9|0x0000000606800000, 0x0000000606800000, 0x0000000606c00000|  0%| F|  |TAMS 0x0000000606800000, 0x0000000606800000| Untracked 
|  10|0x0000000606c00000, 0x0000000606c00000, 0x0000000607000000|  0%| F|  |TAMS 0x0000000606c00000, 0x0000000606c00000| Untracked 
|  11|0x0000000607000000, 0x0000000607000000, 0x0000000607400000|  0%| F|  |TAMS 0x0000000607000000, 0x0000000607000000| Untracked 
|  12|0x0000000607400000, 0x0000000607400000, 0x0000000607800000|  0%| F|  |TAMS 0x0000000607400000, 0x0000000607400000| Untracked 
|  13|0x0000000607800000, 0x0000000607800000, 0x0000000607c00000|  0%| F|  |TAMS 0x0000000607800000, 0x0000000607800000| Untracked 
|  14|0x0000000607c00000, 0x0000000607c00000, 0x0000000608000000|  0%| F|  |TAMS 0x0000000607c00000, 0x0000000607c00000| Untracked 
|  15|0x0000000608000000, 0x0000000608000000, 0x0000000608400000|  0%| F|  |TAMS 0x0000000608000000, 0x0000000608000000| Untracked 
|  16|0x0000000608400000, 0x0000000608400000, 0x0000000608800000|  0%| F|  |TAMS 0x0000000608400000, 0x0000000608400000| Untracked 
|  17|0x0000000608800000, 0x0000000608800000, 0x0000000608c00000|  0%| F|  |TAMS 0x0000000608800000, 0x0000000608800000| Untracked 
|  18|0x0000000608c00000, 0x0000000608c00000, 0x0000000609000000|  0%| F|  |TAMS 0x0000000608c00000, 0x0000000608c00000| Untracked 
|  19|0x0000000609000000, 0x0000000609000000, 0x0000000609400000|  0%| F|  |TAMS 0x0000000609000000, 0x0000000609000000| Untracked 
|  20|0x0000000609400000, 0x0000000609400000, 0x0000000609800000|  0%| F|  |TAMS 0x0000000609400000, 0x0000000609400000| Untracked 
|  21|0x0000000609800000, 0x0000000609800000, 0x0000000609c00000|  0%| F|  |TAMS 0x0000000609800000, 0x0000000609800000| Untracked 
|  22|0x0000000609c00000, 0x0000000609c00000, 0x000000060a000000|  0%| F|  |TAMS 0x0000000609c00000, 0x0000000609c00000| Untracked 
|  23|0x000000060a000000, 0x000000060a000000, 0x000000060a400000|  0%| F|  |TAMS 0x000000060a000000, 0x000000060a000000| Untracked 
|  24|0x000000060a400000, 0x000000060a400000, 0x000000060a800000|  0%| F|  |TAMS 0x000000060a400000, 0x000000060a400000| Untracked 
|  25|0x000000060a800000, 0x000000060a800000, 0x000000060ac00000|  0%| F|  |TAMS 0x000000060a800000, 0x000000060a800000| Untracked 
|  26|0x000000060ac00000, 0x000000060ac00000, 0x000000060b000000|  0%| F|  |TAMS 0x000000060ac00000, 0x000000060ac00000| Untracked 
|  27|0x000000060b000000, 0x000000060b000000, 0x000000060b400000|  0%| F|  |TAMS 0x000000060b000000, 0x000000060b000000| Untracked 
|  28|0x000000060b400000, 0x000000060b400000, 0x000000060b800000|  0%| F|  |TAMS 0x000000060b400000, 0x000000060b400000| Untracked 
|  29|0x000000060b800000, 0x000000060b800000, 0x000000060bc00000|  0%| F|  |TAMS 0x000000060b800000, 0x000000060b800000| Untracked 
|  30|0x000000060bc00000, 0x000000060bc00000, 0x000000060c000000|  0%| F|  |TAMS 0x000000060bc00000, 0x000000060bc00000| Untracked 
|  31|0x000000060c000000, 0x000000060c000000, 0x000000060c400000|  0%| F|  |TAMS 0x000000060c000000, 0x000000060c000000| Untracked 
|  32|0x000000060c400000, 0x000000060c400000, 0x000000060c800000|  0%| F|  |TAMS 0x000000060c400000, 0x000000060c400000| Untracked 
|  33|0x000000060c800000, 0x000000060c800000, 0x000000060cc00000|  0%| F|  |TAMS 0x000000060c800000, 0x000000060c800000| Untracked 
|  34|0x000000060cc00000, 0x000000060cc00000, 0x000000060d000000|  0%| F|  |TAMS 0x000000060cc00000, 0x000000060cc00000| Untracked 
|  35|0x000000060d000000, 0x000000060d000000, 0x000000060d400000|  0%| F|  |TAMS 0x000000060d000000, 0x000000060d000000| Untracked 
|  36|0x000000060d400000, 0x000000060d400000, 0x000000060d800000|  0%| F|  |TAMS 0x000000060d400000, 0x000000060d400000| Untracked 
|  37|0x000000060d800000, 0x000000060d800000, 0x000000060dc00000|  0%| F|  |TAMS 0x000000060d800000, 0x000000060d800000| Untracked 
|  38|0x000000060dc00000, 0x000000060dc00000, 0x000000060e000000|  0%| F|  |TAMS 0x000000060dc00000, 0x000000060dc00000| Untracked 
|  39|0x000000060e000000, 0x000000060e000000, 0x000000060e400000|  0%| F|  |TAMS 0x000000060e000000, 0x000000060e000000| Untracked 
|  40|0x000000060e400000, 0x000000060e400000, 0x000000060e800000|  0%| F|  |TAMS 0x000000060e400000, 0x000000060e400000| Untracked 
|  41|0x000000060e800000, 0x000000060e800000, 0x000000060ec00000|  0%| F|  |TAMS 0x000000060e800000, 0x000000060e800000| Untracked 
|  42|0x000000060ec00000, 0x000000060ec00000, 0x000000060f000000|  0%| F|  |TAMS 0x000000060ec00000, 0x000000060ec00000| Untracked 
|  43|0x000000060f000000, 0x000000060f000000, 0x000000060f400000|  0%| F|  |TAMS 0x000000060f000000, 0x000000060f000000| Untracked 
|  44|0x000000060f400000, 0x000000060f400000, 0x000000060f800000|  0%| F|  |TAMS 0x000000060f400000, 0x000000060f400000| Untracked 
|  45|0x000000060f800000, 0x000000060f800000, 0x000000060fc00000|  0%| F|  |TAMS 0x000000060f800000, 0x000000060f800000| Untracked 
|  46|0x000000060fc00000, 0x000000060fc00000, 0x0000000610000000|  0%| F|  |TAMS 0x000000060fc00000, 0x000000060fc00000| Untracked 
|  47|0x0000000610000000, 0x0000000610000000, 0x0000000610400000|  0%| F|  |TAMS 0x0000000610000000, 0x0000000610000000| Untracked 
|  48|0x0000000610400000, 0x0000000610400000, 0x0000000610800000|  0%| F|  |TAMS 0x0000000610400000, 0x0000000610400000| Untracked 
|  49|0x0000000610800000, 0x0000000610800000, 0x0000000610c00000|  0%| F|  |TAMS 0x0000000610800000, 0x0000000610800000| Untracked 
|  50|0x0000000610c00000, 0x0000000610c00000, 0x0000000611000000|  0%| F|  |TAMS 0x0000000610c00000, 0x0000000610c00000| Untracked 
|  51|0x0000000611000000, 0x0000000611000000, 0x0000000611400000|  0%| F|  |TAMS 0x0000000611000000, 0x0000000611000000| Untracked 
|  52|0x0000000611400000, 0x0000000611400000, 0x0000000611800000|  0%| F|  |TAMS 0x0000000611400000, 0x0000000611400000| Untracked 
|  53|0x0000000611800000, 0x0000000611800000, 0x0000000611c00000|  0%| F|  |TAMS 0x0000000611800000, 0x0000000611800000| Untracked 
|  54|0x0000000611c00000, 0x0000000611c00000, 0x0000000612000000|  0%| F|  |TAMS 0x0000000611c00000, 0x0000000611c00000| Untracked 
|  55|0x0000000612000000, 0x0000000612000000, 0x0000000612400000|  0%| F|  |TAMS 0x0000000612000000, 0x0000000612000000| Untracked 
|  56|0x0000000612400000, 0x0000000612400000, 0x0000000612800000|  0%| F|  |TAMS 0x0000000612400000, 0x0000000612400000| Untracked 
|  57|0x0000000612800000, 0x0000000612800000, 0x0000000612c00000|  0%| F|  |TAMS 0x0000000612800000, 0x0000000612800000| Untracked 
|  58|0x0000000612c00000, 0x0000000612c00000, 0x0000000613000000|  0%| F|  |TAMS 0x0000000612c00000, 0x0000000612c00000| Untracked 
|  59|0x0000000613000000, 0x0000000613000000, 0x0000000613400000|  0%| F|  |TAMS 0x0000000613000000, 0x0000000613000000| Untracked 
|  60|0x0000000613400000, 0x0000000613400000, 0x0000000613800000|  0%| F|  |TAMS 0x0000000613400000, 0x0000000613400000| Untracked 
|  61|0x0000000613800000, 0x0000000613800000, 0x0000000613c00000|  0%| F|  |TAMS 0x0000000613800000, 0x0000000613800000| Untracked 
|  62|0x0000000613c00000, 0x0000000613c00000, 0x0000000614000000|  0%| F|  |TAMS 0x0000000613c00000, 0x0000000613c00000| Untracked 
|  63|0x0000000614000000, 0x0000000614000000, 0x0000000614400000|  0%| F|  |TAMS 0x0000000614000000, 0x0000000614000000| Untracked 
|  64|0x0000000614400000, 0x0000000614400000, 0x0000000614800000|  0%| F|  |TAMS 0x0000000614400000, 0x0000000614400000| Untracked 
|  65|0x0000000614800000, 0x0000000614800000, 0x0000000614c00000|  0%| F|  |TAMS 0x0000000614800000, 0x0000000614800000| Untracked 
|  66|0x0000000614c00000, 0x0000000614c0cd00, 0x0000000615000000|  1%| S|CS|TAMS 0x0000000614c00000, 0x0000000614c00000| Complete 
|  67|0x0000000615000000, 0x0000000615000000, 0x0000000615400000|  0%| F|  |TAMS 0x0000000615000000, 0x0000000615000000| Untracked 
|  68|0x0000000615400000, 0x0000000615400000, 0x0000000615800000|  0%| F|  |TAMS 0x0000000615400000, 0x0000000615400000| Untracked 
|  69|0x0000000615800000, 0x0000000615800000, 0x0000000615c00000|  0%| F|  |TAMS 0x0000000615800000, 0x0000000615800000| Untracked 
|  70|0x0000000615c00000, 0x0000000615c00000, 0x0000000616000000|  0%| F|  |TAMS 0x0000000615c00000, 0x0000000615c00000| Untracked 
|  71|0x0000000616000000, 0x0000000616000000, 0x0000000616400000|  0%| F|  |TAMS 0x0000000616000000, 0x0000000616000000| Untracked 
|  72|0x0000000616400000, 0x0000000616400000, 0x0000000616800000|  0%| F|  |TAMS 0x0000000616400000, 0x0000000616400000| Untracked 
|  73|0x0000000616800000, 0x0000000616800000, 0x0000000616c00000|  0%| F|  |TAMS 0x0000000616800000, 0x0000000616800000| Untracked 
|  74|0x0000000616c00000, 0x0000000616c00000, 0x0000000617000000|  0%| F|  |TAMS 0x0000000616c00000, 0x0000000616c00000| Untracked 
|  75|0x0000000617000000, 0x0000000617000000, 0x0000000617400000|  0%| F|  |TAMS 0x0000000617000000, 0x0000000617000000| Untracked 
|  76|0x0000000617400000, 0x0000000617400000, 0x0000000617800000|  0%| F|  |TAMS 0x0000000617400000, 0x0000000617400000| Untracked 
|  77|0x0000000617800000, 0x0000000617800000, 0x0000000617c00000|  0%| F|  |TAMS 0x0000000617800000, 0x0000000617800000| Untracked 
|  78|0x0000000617c00000, 0x0000000617c00000, 0x0000000618000000|  0%| F|  |TAMS 0x0000000617c00000, 0x0000000617c00000| Untracked 
|  79|0x0000000618000000, 0x0000000618000000, 0x0000000618400000|  0%| F|  |TAMS 0x0000000618000000, 0x0000000618000000| Untracked 
|  80|0x0000000618400000, 0x0000000618400000, 0x0000000618800000|  0%| F|  |TAMS 0x0000000618400000, 0x0000000618400000| Untracked 
|  81|0x0000000618800000, 0x0000000618800000, 0x0000000618c00000|  0%| F|  |TAMS 0x0000000618800000, 0x0000000618800000| Untracked 
|  82|0x0000000618c00000, 0x0000000618c00000, 0x0000000619000000|  0%| F|  |TAMS 0x0000000618c00000, 0x0000000618c00000| Untracked 
|  83|0x0000000619000000, 0x0000000619000000, 0x0000000619400000|  0%| F|  |TAMS 0x0000000619000000, 0x0000000619000000| Untracked 
|  84|0x0000000619400000, 0x0000000619400000, 0x0000000619800000|  0%| F|  |TAMS 0x0000000619400000, 0x0000000619400000| Untracked 
|  85|0x0000000619800000, 0x0000000619800000, 0x0000000619c00000|  0%| F|  |TAMS 0x0000000619800000, 0x0000000619800000| Untracked 
|  86|0x0000000619c00000, 0x0000000619c00000, 0x000000061a000000|  0%| F|  |TAMS 0x0000000619c00000, 0x0000000619c00000| Untracked 
|  87|0x000000061a000000, 0x000000061a000000, 0x000000061a400000|  0%| F|  |TAMS 0x000000061a000000, 0x000000061a000000| Untracked 
|  88|0x000000061a400000, 0x000000061a400000, 0x000000061a800000|  0%| F|  |TAMS 0x000000061a400000, 0x000000061a400000| Untracked 
|  89|0x000000061a800000, 0x000000061a800000, 0x000000061ac00000|  0%| F|  |TAMS 0x000000061a800000, 0x000000061a800000| Untracked 
|  90|0x000000061ac00000, 0x000000061ac00000, 0x000000061b000000|  0%| F|  |TAMS 0x000000061ac00000, 0x000000061ac00000| Untracked 
|  91|0x000000061b000000, 0x000000061b000000, 0x000000061b400000|  0%| F|  |TAMS 0x000000061b000000, 0x000000061b000000| Untracked 
|  92|0x000000061b400000, 0x000000061b400000, 0x000000061b800000|  0%| F|  |TAMS 0x000000061b400000, 0x000000061b400000| Untracked 
|  93|0x000000061b800000, 0x000000061b800000, 0x000000061bc00000|  0%| F|  |TAMS 0x000000061b800000, 0x000000061b800000| Untracked 
|  94|0x000000061bc00000, 0x000000061bc00000, 0x000000061c000000|  0%| F|  |TAMS 0x000000061bc00000, 0x000000061bc00000| Untracked 
|  95|0x000000061c000000, 0x000000061c000000, 0x000000061c400000|  0%| F|  |TAMS 0x000000061c000000, 0x000000061c000000| Untracked 
|  96|0x000000061c400000, 0x000000061c400000, 0x000000061c800000|  0%| F|  |TAMS 0x000000061c400000, 0x000000061c400000| Untracked 
|  97|0x000000061c800000, 0x000000061c800000, 0x000000061cc00000|  0%| F|  |TAMS 0x000000061c800000, 0x000000061c800000| Untracked 
|  98|0x000000061cc00000, 0x000000061cc00000, 0x000000061d000000|  0%| F|  |TAMS 0x000000061cc00000, 0x000000061cc00000| Untracked 
|  99|0x000000061d000000, 0x000000061d000000, 0x000000061d400000|  0%| F|  |TAMS 0x000000061d000000, 0x000000061d000000| Untracked 
| 100|0x000000061d400000, 0x000000061d400000, 0x000000061d800000|  0%| F|  |TAMS 0x000000061d400000, 0x000000061d400000| Untracked 
| 101|0x000000061d800000, 0x000000061d800000, 0x000000061dc00000|  0%| F|  |TAMS 0x000000061d800000, 0x000000061d800000| Untracked 
| 102|0x000000061dc00000, 0x000000061dc00000, 0x000000061e000000|  0%| F|  |TAMS 0x000000061dc00000, 0x000000061dc00000| Untracked 
| 103|0x000000061e000000, 0x000000061e000000, 0x000000061e400000|  0%| F|  |TAMS 0x000000061e000000, 0x000000061e000000| Untracked 
| 104|0x000000061e400000, 0x000000061e400000, 0x000000061e800000|  0%| F|  |TAMS 0x000000061e400000, 0x000000061e400000| Untracked 
| 105|0x000000061e800000, 0x000000061e800000, 0x000000061ec00000|  0%| F|  |TAMS 0x000000061e800000, 0x000000061e800000| Untracked 
| 106|0x000000061ec00000, 0x000000061ec00000, 0x000000061f000000|  0%| F|  |TAMS 0x000000061ec00000, 0x000000061ec00000| Untracked 
| 107|0x000000061f000000, 0x000000061f000000, 0x000000061f400000|  0%| F|  |TAMS 0x000000061f000000, 0x000000061f000000| Untracked 
| 108|0x000000061f400000, 0x000000061f400000, 0x000000061f800000|  0%| F|  |TAMS 0x000000061f400000, 0x000000061f400000| Untracked 
| 109|0x000000061f800000, 0x000000061f800000, 0x000000061fc00000|  0%| F|  |TAMS 0x000000061f800000, 0x000000061f800000| Untracked 
| 110|0x000000061fc00000, 0x000000061fc00000, 0x0000000620000000|  0%| F|  |TAMS 0x000000061fc00000, 0x000000061fc00000| Untracked 
| 111|0x0000000620000000, 0x0000000620000000, 0x0000000620400000|  0%| F|  |TAMS 0x0000000620000000, 0x0000000620000000| Untracked 
| 112|0x0000000620400000, 0x0000000620400000, 0x0000000620800000|  0%| F|  |TAMS 0x0000000620400000, 0x0000000620400000| Untracked 
| 113|0x0000000620800000, 0x0000000620800000, 0x0000000620c00000|  0%| F|  |TAMS 0x0000000620800000, 0x0000000620800000| Untracked 
| 114|0x0000000620c00000, 0x0000000620c00000, 0x0000000621000000|  0%| F|  |TAMS 0x0000000620c00000, 0x0000000620c00000| Untracked 
| 115|0x0000000621000000, 0x0000000621000000, 0x0000000621400000|  0%| F|  |TAMS 0x0000000621000000, 0x0000000621000000| Untracked 
| 116|0x0000000621400000, 0x0000000621400000, 0x0000000621800000|  0%| F|  |TAMS 0x0000000621400000, 0x0000000621400000| Untracked 
| 117|0x0000000621800000, 0x0000000621800000, 0x0000000621c00000|  0%| F|  |TAMS 0x0000000621800000, 0x0000000621800000| Untracked 
| 118|0x0000000621c00000, 0x0000000621c00000, 0x0000000622000000|  0%| F|  |TAMS 0x0000000621c00000, 0x0000000621c00000| Untracked 
| 119|0x0000000622000000, 0x0000000622000000, 0x0000000622400000|  0%| F|  |TAMS 0x0000000622000000, 0x0000000622000000| Untracked 
| 120|0x0000000622400000, 0x0000000622400000, 0x0000000622800000|  0%| F|  |TAMS 0x0000000622400000, 0x0000000622400000| Untracked 
| 121|0x0000000622800000, 0x0000000622800000, 0x0000000622c00000|  0%| F|  |TAMS 0x0000000622800000, 0x0000000622800000| Untracked 
| 122|0x0000000622c00000, 0x0000000622c00000, 0x0000000623000000|  0%| F|  |TAMS 0x0000000622c00000, 0x0000000622c00000| Untracked 
| 123|0x0000000623000000, 0x0000000623000000, 0x0000000623400000|  0%| F|  |TAMS 0x0000000623000000, 0x0000000623000000| Untracked 
| 124|0x0000000623400000, 0x0000000623400000, 0x0000000623800000|  0%| F|  |TAMS 0x0000000623400000, 0x0000000623400000| Untracked 
| 125|0x0000000623800000, 0x0000000623800000, 0x0000000623c00000|  0%| F|  |TAMS 0x0000000623800000, 0x0000000623800000| Untracked 
| 126|0x0000000623c00000, 0x0000000623c00000, 0x0000000624000000|  0%| F|  |TAMS 0x0000000623c00000, 0x0000000623c00000| Untracked 
| 127|0x0000000624000000, 0x0000000624000000, 0x0000000624400000|  0%| F|  |TAMS 0x0000000624000000, 0x0000000624000000| Untracked 
| 128|0x0000000624400000, 0x0000000624400000, 0x0000000624800000|  0%| F|  |TAMS 0x0000000624400000, 0x0000000624400000| Untracked 
| 129|0x0000000624800000, 0x0000000624800000, 0x0000000624c00000|  0%| F|  |TAMS 0x0000000624800000, 0x0000000624800000| Untracked 
| 130|0x0000000624c00000, 0x0000000624c00000, 0x0000000625000000|  0%| F|  |TAMS 0x0000000624c00000, 0x0000000624c00000| Untracked 
| 131|0x0000000625000000, 0x0000000625000000, 0x0000000625400000|  0%| F|  |TAMS 0x0000000625000000, 0x0000000625000000| Untracked 
| 132|0x0000000625400000, 0x0000000625400000, 0x0000000625800000|  0%| F|  |TAMS 0x0000000625400000, 0x0000000625400000| Untracked 
| 133|0x0000000625800000, 0x0000000625800000, 0x0000000625c00000|  0%| F|  |TAMS 0x0000000625800000, 0x0000000625800000| Untracked 
| 134|0x0000000625c00000, 0x0000000625c00000, 0x0000000626000000|  0%| F|  |TAMS 0x0000000625c00000, 0x0000000625c00000| Untracked 
| 135|0x0000000626000000, 0x0000000626000000, 0x0000000626400000|  0%| F|  |TAMS 0x0000000626000000, 0x0000000626000000| Untracked 
| 136|0x0000000626400000, 0x0000000626400000, 0x0000000626800000|  0%| F|  |TAMS 0x0000000626400000, 0x0000000626400000| Untracked 
| 137|0x0000000626800000, 0x0000000626800000, 0x0000000626c00000|  0%| F|  |TAMS 0x0000000626800000, 0x0000000626800000| Untracked 
| 138|0x0000000626c00000, 0x0000000626c00000, 0x0000000627000000|  0%| F|  |TAMS 0x0000000626c00000, 0x0000000626c00000| Untracked 
| 139|0x0000000627000000, 0x0000000627000000, 0x0000000627400000|  0%| F|  |TAMS 0x0000000627000000, 0x0000000627000000| Untracked 
| 140|0x0000000627400000, 0x0000000627400000, 0x0000000627800000|  0%| F|  |TAMS 0x0000000627400000, 0x0000000627400000| Untracked 
| 141|0x0000000627800000, 0x0000000627800000, 0x0000000627c00000|  0%| F|  |TAMS 0x0000000627800000, 0x0000000627800000| Untracked 
| 142|0x0000000627c00000, 0x0000000627c00000, 0x0000000628000000|  0%| F|  |TAMS 0x0000000627c00000, 0x0000000627c00000| Untracked 
| 143|0x0000000628000000, 0x0000000628000000, 0x0000000628400000|  0%| F|  |TAMS 0x0000000628000000, 0x0000000628000000| Untracked 
| 144|0x0000000628400000, 0x0000000628400000, 0x0000000628800000|  0%| F|  |TAMS 0x0000000628400000, 0x0000000628400000| Untracked 
| 145|0x0000000628800000, 0x0000000628800000, 0x0000000628c00000|  0%| F|  |TAMS 0x0000000628800000, 0x0000000628800000| Untracked 
| 146|0x0000000628c00000, 0x0000000628c00000, 0x0000000629000000|  0%| F|  |TAMS 0x0000000628c00000, 0x0000000628c00000| Untracked 
| 147|0x0000000629000000, 0x0000000629000000, 0x0000000629400000|  0%| F|  |TAMS 0x0000000629000000, 0x0000000629000000| Untracked 
| 148|0x0000000629400000, 0x0000000629400000, 0x0000000629800000|  0%| F|  |TAMS 0x0000000629400000, 0x0000000629400000| Untracked 
| 149|0x0000000629800000, 0x0000000629800000, 0x0000000629c00000|  0%| F|  |TAMS 0x0000000629800000, 0x0000000629800000| Untracked 
| 150|0x0000000629c00000, 0x0000000629c00000, 0x000000062a000000|  0%| F|  |TAMS 0x0000000629c00000, 0x0000000629c00000| Untracked 
| 151|0x000000062a000000, 0x000000062a000000, 0x000000062a400000|  0%| F|  |TAMS 0x000000062a000000, 0x000000062a000000| Untracked 
| 152|0x000000062a400000, 0x000000062a400000, 0x000000062a800000|  0%| F|  |TAMS 0x000000062a400000, 0x000000062a400000| Untracked 
| 153|0x000000062a800000, 0x000000062a800000, 0x000000062ac00000|  0%| F|  |TAMS 0x000000062a800000, 0x000000062a800000| Untracked 
| 154|0x000000062ac00000, 0x000000062ac00000, 0x000000062b000000|  0%| F|  |TAMS 0x000000062ac00000, 0x000000062ac00000| Untracked 
| 155|0x000000062b000000, 0x000000062b000000, 0x000000062b400000|  0%| F|  |TAMS 0x000000062b000000, 0x000000062b000000| Untracked 
| 156|0x000000062b400000, 0x000000062b400000, 0x000000062b800000|  0%| F|  |TAMS 0x000000062b400000, 0x000000062b400000| Untracked 
| 157|0x000000062b800000, 0x000000062b800000, 0x000000062bc00000|  0%| F|  |TAMS 0x000000062b800000, 0x000000062b800000| Untracked 
| 158|0x000000062bc00000, 0x000000062bc00000, 0x000000062c000000|  0%| F|  |TAMS 0x000000062bc00000, 0x000000062bc00000| Untracked 
| 159|0x000000062c000000, 0x000000062c000000, 0x000000062c400000|  0%| F|  |TAMS 0x000000062c000000, 0x000000062c000000| Untracked 
| 160|0x000000062c400000, 0x000000062c400000, 0x000000062c800000|  0%| F|  |TAMS 0x000000062c400000, 0x000000062c400000| Untracked 
| 161|0x000000062c800000, 0x000000062c800000, 0x000000062cc00000|  0%| F|  |TAMS 0x000000062c800000, 0x000000062c800000| Untracked 
| 162|0x000000062cc00000, 0x000000062cc00000, 0x000000062d000000|  0%| F|  |TAMS 0x000000062cc00000, 0x000000062cc00000| Untracked 
| 163|0x000000062d000000, 0x000000062d000000, 0x000000062d400000|  0%| F|  |TAMS 0x000000062d000000, 0x000000062d000000| Untracked 

Card table byte_map: [0x000001ea29820000,0x000001ea2a800000] _byte_map_base: 0x000001ea267fe000

Marking Bits (Prev, Next): (CMBitMap*) 0x000001ea11558c90, (CMBitMap*) 0x000001ea11558cd0
 Prev Bits: [0x000001ea2b7e0000, 0x000001ea336d0000)
 Next Bits: [0x000001ea336d0000, 0x000001ea3b5c0000)

Polling page: 0x000001ea10c60000

Metaspace:

Usage:
  Non-class:      8.49 MB used.
      Class:      1.09 MB used.
       Both:      9.57 MB used.

Virtual space:
  Non-class space:       64.00 MB reserved,       8.62 MB ( 13%) committed,  1 nodes.
      Class space:        1.00 GB reserved,       1.19 MB ( <1%) committed,  1 nodes.
             Both:        1.06 GB reserved,       9.81 MB ( <1%) committed. 

Chunk freelists:
   Non-Class:  6.98 MB
       Class:  14.74 MB
        Both:  21.72 MB

MaxMetaspaceSize: unlimited
CompressedClassSpaceSize: 1.00 GB
Initial GC threshold: 21.00 MB
Current GC threshold: 21.00 MB
CDS: on
MetaspaceReclaimPolicy: balanced
 - commit_granule_bytes: 65536.
 - commit_granule_words: 8192.
 - virtual_space_node_default_size: 8388608.
 - enlarge_chunks_in_place: 1.
 - new_chunks_are_fully_committed: 0.
 - uncommit_free_chunks: 1.
 - use_allocation_guard: 0.
 - handle_deallocations: 1.


Internal statistics:

num_allocs_failed_limit: 0.
num_arena_births: 122.
num_arena_deaths: 0.
num_vsnodes_births: 2.
num_vsnodes_deaths: 0.
num_space_committed: 157.
num_space_uncommitted: 0.
num_chunks_returned_to_freelist: 0.
num_chunks_taken_from_freelist: 175.
num_chunk_merges: 0.
num_chunk_splits: 111.
num_chunks_enlarged: 64.
num_inconsistent_stats: 0.

CodeHeap 'non-profiled nmethods': size=119168Kb used=849Kb max_used=849Kb free=118318Kb
 bounds [0x000001ea20b60000, 0x000001ea20dd0000, 0x000001ea27fc0000]
CodeHeap 'profiled nmethods': size=119104Kb used=3460Kb max_used=3460Kb free=115643Kb
 bounds [0x000001ea18fc0000, 0x000001ea19330000, 0x000001ea20410000]
CodeHeap 'non-nmethods': size=7488Kb used=3038Kb max_used=3060Kb free=4449Kb
 bounds [0x000001ea20410000, 0x000001ea20720000, 0x000001ea20b60000]
 total_blobs=2564 nmethods=1918 adapters=553
 compilation: enabled
              stopped_count=0, restarted_count=0
 full_count=0

Compilation events (20 events):
Event: 1.681 Thread 0x000001ea8f21aa30 nmethod 1909 0x000001ea20c31910 code [0x000001ea20c31aa0, 0x000001ea20c31bd8]
Event: 1.682 Thread 0x000001ea3b877970 nmethod 1910 0x000001ea20c31d10 code [0x000001ea20c31ea0, 0x000001ea20c31fd8]
Event: 1.682 Thread 0x000001ea3b877970 1911       4       java.lang.StringConcatHelper::prepend (37 bytes)
Event: 1.683 Thread 0x000001ea3b877970 nmethod 1911 0x000001ea20c32110 code [0x000001ea20c322a0, 0x000001ea20c32418]
Event: 1.700 Thread 0x000001ea3e7f3390 1912       1       javax.swing.TimerQueue$DelayedTimer::getTimer (5 bytes)
Event: 1.700 Thread 0x000001ea3e7f3390 nmethod 1912 0x000001ea20c32590 code [0x000001ea20c32720, 0x000001ea20c327f8]
Event: 1.710 Thread 0x000001ea8f21aa30 1913   !   4       java.lang.Thread::interrupt (66 bytes)
Event: 1.711 Thread 0x000001ea8f21aa30 nmethod 1913 0x000001ea20c32890 code [0x000001ea20c32a20, 0x000001ea20c32ca8]
Event: 1.717 Thread 0x000001ea3b877970 1914  s    4       java.util.Hashtable::remove (133 bytes)
Event: 1.720 Thread 0x000001ea3b877970 nmethod 1914 0x000001ea20c32e10 code [0x000001ea20c32fc0, 0x000001ea20c33778]
Event: 1.724 Thread 0x000001ea8f21aa30 1915       4       java.util.ArrayList::remove (26 bytes)
Event: 1.724 Thread 0x000001ea8f21aa30 nmethod 1915 0x000001ea20c33a10 code [0x000001ea20c33ba0, 0x000001ea20c33d38]
Event: 1.725 Thread 0x000001ea8f21aa30 1916   !   4       java.awt.Container::addImpl (364 bytes)
Event: 1.725 Thread 0x000001ea3b877970 1917       4       java.awt.Container::checkAddToSelf (37 bytes)
Event: 1.725 Thread 0x000001ea3b877970 nmethod 1917 0x000001ea20c33f10 code [0x000001ea20c340a0, 0x000001ea20c34198]
Event: 1.730 Thread 0x000001ea3b877970 1918       4       java.awt.GridBagLayout::addLayoutComponent (34 bytes)
Event: 1.730 Thread 0x000001ea3b877970 nmethod 1918 0x000001ea20c34290 code [0x000001ea20c34400, 0x000001ea20c344d8]
Event: 1.730 Thread 0x000001ea3b877970 1919   !   4       java.awt.Container::remove (48 bytes)
Event: 1.731 Thread 0x000001ea3b878420 1921       3       java.util.PriorityQueue::peek (7 bytes)
Event: 1.731 Thread 0x000001ea3b878420 nmethod 1921 0x000001ea19320e10 code [0x000001ea19320fa0, 0x000001ea193210d8]

GC Heap History (20 events):
Event: 0.386 GC heap after
{Heap after GC invocations=1 (full 0):
 garbage-first heap   total 520192K, used 17140K [0x0000000604400000, 0x0000000800000000)
  region size 4096K, 1 young (4096K), 1 survivors (4096K)
 Metaspace       used 5876K, committed 6144K, reserved 1114112K
  class space    used 631K, committed 768K, reserved 1048576K
}
Event: 1.062 GC heap before
{Heap before GC invocations=1 (full 0):
 garbage-first heap   total 520192K, used 37620K [0x0000000604400000, 0x0000000800000000)
  region size 4096K, 6 young (24576K), 1 survivors (4096K)
 Metaspace       used 9586K, committed 9792K, reserved 1114112K
  class space    used 1109K, committed 1216K, reserved 1048576K
}
Event: 1.063 GC heap after
{Heap after GC invocations=2 (full 0):
 garbage-first heap   total 520192K, used 20455K [0x0000000604400000, 0x0000000800000000)
  region size 4096K, 1 young (4096K), 1 survivors (4096K)
 Metaspace       used 9586K, committed 9792K, reserved 1114112K
  class space    used 1109K, committed 1216K, reserved 1048576K
}
Event: 1.078 GC heap before
{Heap before GC invocations=2 (full 0):
 garbage-first heap   total 520192K, used 45031K [0x0000000604400000, 0x0000000800000000)
  region size 4096K, 7 young (28672K), 1 survivors (4096K)
 Metaspace       used 9632K, committed 9856K, reserved 1114112K
  class space    used 1109K, committed 1216K, reserved 1048576K
}
Event: 1.079 GC heap after
{Heap after GC invocations=3 (full 0):
 garbage-first heap   total 520192K, used 20516K [0x0000000604400000, 0x0000000800000000)
  region size 4096K, 1 young (4096K), 1 survivors (4096K)
 Metaspace       used 9632K, committed 9856K, reserved 1114112K
  class space    used 1109K, committed 1216K, reserved 1048576K
}
Event: 1.099 GC heap before
{Heap before GC invocations=3 (full 0):
 garbage-first heap   total 520192K, used 102436K [0x0000000604400000, 0x0000000800000000)
  region size 4096K, 21 young (86016K), 1 survivors (4096K)
 Metaspace       used 9632K, committed 9856K, reserved 1114112K
  class space    used 1109K, committed 1216K, reserved 1048576K
}
Event: 1.099 GC heap after
{Heap after GC invocations=4 (full 0):
 garbage-first heap   total 520192K, used 20445K [0x0000000604400000, 0x0000000800000000)
  region size 4096K, 1 young (4096K), 1 survivors (4096K)
 Metaspace       used 9632K, committed 9856K, reserved 1114112K
  class space    used 1109K, committed 1216K, reserved 1048576K
}
Event: 1.133 GC heap before
{Heap before GC invocations=4 (full 0):
 garbage-first heap   total 520192K, used 327645K [0x0000000604400000, 0x0000000800000000)
  region size 4096K, 76 young (311296K), 1 survivors (4096K)
 Metaspace       used 9632K, committed 9856K, reserved 1114112K
  class space    used 1109K, committed 1216K, reserved 1048576K
}
Event: 1.134 GC heap after
{Heap after GC invocations=5 (full 0):
 garbage-first heap   total 520192K, used 20427K [0x0000000604400000, 0x0000000800000000)
  region size 4096K, 1 young (4096K), 1 survivors (4096K)
 Metaspace       used 9632K, committed 9856K, reserved 1114112K
  class space    used 1109K, committed 1216K, reserved 1048576K
}
Event: 1.172 GC heap before
{Heap before GC invocations=5 (full 0):
 garbage-first heap   total 520192K, used 327627K [0x0000000604400000, 0x0000000800000000)
  region size 4096K, 76 young (311296K), 1 survivors (4096K)
 Metaspace       used 9632K, committed 9856K, reserved 1114112K
  class space    used 1109K, committed 1216K, reserved 1048576K
}
Event: 1.173 GC heap after
{Heap after GC invocations=6 (full 0):
 garbage-first heap   total 671744K, used 20423K [0x0000000604400000, 0x0000000800000000)
  region size 4096K, 1 young (4096K), 1 survivors (4096K)
 Metaspace       used 9632K, committed 9856K, reserved 1114112K
  class space    used 1109K, committed 1216K, reserved 1048576K
}
Event: 1.654 GC heap before
{Heap before GC invocations=6 (full 0):
 garbage-first heap   total 671744K, used 417735K [0x0000000604400000, 0x0000000800000000)
  region size 4096K, 98 young (401408K), 1 survivors (4096K)
 Metaspace       used 9797K, committed 10048K, reserved 1114112K
  class space    used 1112K, committed 1216K, reserved 1048576K
}
Event: 1.654 GC heap after
{Heap after GC invocations=7 (full 0):
 garbage-first heap   total 671744K, used 20502K [0x0000000604400000, 0x0000000800000000)
  region size 4096K, 1 young (4096K), 1 survivors (4096K)
 Metaspace       used 9797K, committed 10048K, reserved 1114112K
  class space    used 1112K, committed 1216K, reserved 1048576K
}
Event: 1.672 GC heap before
{Heap before GC invocations=7 (full 0):
 garbage-first heap   total 671744K, used 417814K [0x0000000604400000, 0x0000000800000000)
  region size 4096K, 98 young (401408K), 1 survivors (4096K)
 Metaspace       used 9803K, committed 10048K, reserved 1114112K
  class space    used 1112K, committed 1216K, reserved 1048576K
}
Event: 1.672 GC heap after
{Heap after GC invocations=8 (full 0):
 garbage-first heap   total 671744K, used 20457K [0x0000000604400000, 0x0000000800000000)
  region size 4096K, 1 young (4096K), 1 survivors (4096K)
 Metaspace       used 9803K, committed 10048K, reserved 1114112K
  class space    used 1112K, committed 1216K, reserved 1048576K
}
Event: 1.698 GC heap before
{Heap before GC invocations=8 (full 0):
 garbage-first heap   total 671744K, used 417769K [0x0000000604400000, 0x0000000800000000)
  region size 4096K, 98 young (401408K), 1 survivors (4096K)
 Metaspace       used 9803K, committed 10048K, reserved 1114112K
  class space    used 1112K, committed 1216K, reserved 1048576K
}
Event: 1.699 GC heap after
{Heap after GC invocations=9 (full 0):
 garbage-first heap   total 671744K, used 20453K [0x0000000604400000, 0x0000000800000000)
  region size 4096K, 1 young (4096K), 1 survivors (4096K)
 Metaspace       used 9803K, committed 10048K, reserved 1114112K
  class space    used 1112K, committed 1216K, reserved 1048576K
}
Event: 1.722 GC heap before
{Heap before GC invocations=9 (full 0):
 garbage-first heap   total 671744K, used 417765K [0x0000000604400000, 0x0000000800000000)
  region size 4096K, 98 young (401408K), 1 survivors (4096K)
 Metaspace       used 9803K, committed 10048K, reserved 1114112K
  class space    used 1112K, committed 1216K, reserved 1048576K
}
Event: 1.722 GC heap after
{Heap after GC invocations=10 (full 0):
 garbage-first heap   total 671744K, used 20453K [0x0000000604400000, 0x0000000800000000)
  region size 4096K, 1 young (4096K), 1 survivors (4096K)
 Metaspace       used 9803K, committed 10048K, reserved 1114112K
  class space    used 1112K, committed 1216K, reserved 1048576K
}
Event: 1.752 GC heap before
{Heap before GC invocations=10 (full 0):
 garbage-first heap   total 671744K, used 417765K [0x0000000604400000, 0x0000000800000000)
  region size 4096K, 98 young (401408K), 1 survivors (4096K)
 Metaspace       used 9803K, committed 10048K, reserved 1114112K
  class space    used 1112K, committed 1216K, reserved 1048576K
}

Dll operation events (9 events):
Event: 0.003 Loaded shared library C:\Users\dante\.jdks\corretto-17.0.11\bin\java.dll
Event: 0.033 Loaded shared library C:\Users\dante\.jdks\corretto-17.0.11\bin\jsvml.dll
Event: 0.056 Loaded shared library C:\Users\dante\.jdks\corretto-17.0.11\bin\jimage.dll
Event: 0.059 Loaded shared library C:\Users\dante\.jdks\corretto-17.0.11\bin\net.dll
Event: 0.060 Loaded shared library C:\Users\dante\.jdks\corretto-17.0.11\bin\nio.dll
Event: 0.061 Loaded shared library C:\Users\dante\.jdks\corretto-17.0.11\bin\zip.dll
Event: 0.070 Loaded shared library C:\Users\dante\.jdks\corretto-17.0.11\bin\awt.dll
Event: 0.308 Loaded shared library C:\Users\dante\.jdks\corretto-17.0.11\bin\freetype.dll
Event: 0.308 Loaded shared library C:\Users\dante\.jdks\corretto-17.0.11\bin\fontmanager.dll

Deoptimization events (20 events):
Event: 1.643 Thread 0x000001ea8403e4a0 Uncommon trap: trap_request=0xffffff66 fr.pc=0x000001ea20c032c0 relative=0x00000000000000a0
Event: 1.643 Thread 0x000001ea8403e4a0 Uncommon trap: reason=speculate_class_check action=maybe_recompile pc=0x000001ea20c032c0 method=java.awt.Container.adjustDescendants(I)V @ 17 c2
Event: 1.643 Thread 0x000001ea8403e4a0 DEOPT PACKING pc=0x000001ea20c032c0 sp=0x0000004ff5efe570
Event: 1.643 Thread 0x000001ea8403e4a0 DEOPT UNPACKING pc=0x000001ea2046a1a3 sp=0x0000004ff5efe490 mode 2
Event: 1.643 Thread 0x000001ea8403e4a0 Uncommon trap: trap_request=0xffffff66 fr.pc=0x000001ea20c032c0 relative=0x00000000000000a0
Event: 1.643 Thread 0x000001ea8403e4a0 Uncommon trap: reason=speculate_class_check action=maybe_recompile pc=0x000001ea20c032c0 method=java.awt.Container.adjustDescendants(I)V @ 17 c2
Event: 1.643 Thread 0x000001ea8403e4a0 DEOPT PACKING pc=0x000001ea20c032c0 sp=0x0000004ff5efe480
Event: 1.643 Thread 0x000001ea8403e4a0 DEOPT UNPACKING pc=0x000001ea2046a1a3 sp=0x0000004ff5efe3b0 mode 2
Event: 1.643 Thread 0x000001ea8403e4a0 Uncommon trap: trap_request=0xffffff66 fr.pc=0x000001ea20c032c0 relative=0x00000000000000a0
Event: 1.643 Thread 0x000001ea8403e4a0 Uncommon trap: reason=speculate_class_check action=maybe_recompile pc=0x000001ea20c032c0 method=java.awt.Container.adjustDescendants(I)V @ 17 c2
Event: 1.643 Thread 0x000001ea8403e4a0 DEOPT PACKING pc=0x000001ea20c032c0 sp=0x0000004ff5efe3a0
Event: 1.643 Thread 0x000001ea8403e4a0 DEOPT UNPACKING pc=0x000001ea2046a1a3 sp=0x0000004ff5efe2d0 mode 2
Event: 1.643 Thread 0x000001ea8403e4a0 Uncommon trap: trap_request=0xffffff66 fr.pc=0x000001ea20c032c0 relative=0x00000000000000a0
Event: 1.643 Thread 0x000001ea8403e4a0 Uncommon trap: reason=speculate_class_check action=maybe_recompile pc=0x000001ea20c032c0 method=java.awt.Container.adjustDescendants(I)V @ 17 c2
Event: 1.643 Thread 0x000001ea8403e4a0 DEOPT PACKING pc=0x000001ea20c032c0 sp=0x0000004ff5efe2c0
Event: 1.643 Thread 0x000001ea8403e4a0 DEOPT UNPACKING pc=0x000001ea2046a1a3 sp=0x0000004ff5efe1f0 mode 2
Event: 1.643 Thread 0x000001ea8403e4a0 Uncommon trap: trap_request=0xfffffff4 fr.pc=0x000001ea20bf73a0 relative=0x0000000000000180
Event: 1.643 Thread 0x000001ea8403e4a0 Uncommon trap: reason=null_check action=make_not_entrant pc=0x000001ea20bf73a0 method=java.awt.geom.AffineTransform.equals(Ljava/lang/Object;)Z @ 1 c2
Event: 1.643 Thread 0x000001ea8403e4a0 DEOPT PACKING pc=0x000001ea20bf73a0 sp=0x0000004ff5efe010
Event: 1.643 Thread 0x000001ea8403e4a0 DEOPT UNPACKING pc=0x000001ea2046a1a3 sp=0x0000004ff5efdf98 mode 2

Classes unloaded (0 events):
No events

Classes redefined (0 events):
No events

Internal exceptions (20 events):
Event: 1.750 Thread 0x000001ea90d8b0c0 Exception <a 'java/lang/InterruptedException'{0x0000000616800870}: sleep interrupted> (0x0000000616800870) 
thrown [s\src\hotspot\share\prims\jvm.cpp, line 3038]
Event: 1.750 Thread 0x000001ea90d8b0c0 Exception <a 'java/lang/InterruptedException'{0x0000000616a00870}: sleep interrupted> (0x0000000616a00870) 
thrown [s\src\hotspot\share\prims\jvm.cpp, line 3038]
Event: 1.750 Thread 0x000001ea90d8a6a0 Exception <a 'java/lang/InterruptedException'{0x0000000616400070}: sleep interrupted> (0x0000000616400070) 
thrown [s\src\hotspot\share\prims\jvm.cpp, line 3038]
Event: 1.750 Thread 0x000001ea90d8b5d0 Exception <a 'java/lang/InterruptedException'{0x0000000616400870}: sleep interrupted> (0x0000000616400870) 
thrown [s\src\hotspot\share\prims\jvm.cpp, line 3038]
Event: 1.750 Thread 0x000001ea90d89c80 Exception <a 'java/lang/InterruptedException'{0x0000000616600870}: sleep interrupted> (0x0000000616600870) 
thrown [s\src\hotspot\share\prims\jvm.cpp, line 3038]
Event: 1.750 Thread 0x000001ea8b27a160 Exception <a 'java/lang/InterruptedException'{0x0000000616000070}: sleep interrupted> (0x0000000616000070) 
thrown [s\src\hotspot\share\prims\jvm.cpp, line 3038]
Event: 1.750 Thread 0x000001ea8b27a160 Exception <a 'java/lang/InterruptedException'{0x0000000616000870}: sleep interrupted> (0x0000000616000870) 
thrown [s\src\hotspot\share\prims\jvm.cpp, line 3038]
Event: 1.750 Thread 0x000001ea90d8b0c0 Exception <a 'java/lang/InterruptedException'{0x0000000616200870}: sleep interrupted> (0x0000000616200870) 
thrown [s\src\hotspot\share\prims\jvm.cpp, line 3038]
Event: 1.751 Thread 0x000001ea90d8b5d0 Exception <a 'java/lang/InterruptedException'{0x0000000615c00070}: sleep interrupted> (0x0000000615c00070) 
thrown [s\src\hotspot\share\prims\jvm.cpp, line 3038]
Event: 1.751 Thread 0x000001ea90d8a6a0 Exception <a 'java/lang/InterruptedException'{0x0000000615c00870}: sleep interrupted> (0x0000000615c00870) 
thrown [s\src\hotspot\share\prims\jvm.cpp, line 3038]
Event: 1.751 Thread 0x000001ea90d8a6a0 Exception <a 'java/lang/InterruptedException'{0x0000000615e00870}: sleep interrupted> (0x0000000615e00870) 
thrown [s\src\hotspot\share\prims\jvm.cpp, line 3038]
Event: 1.751 Thread 0x000001ea90d8a190 Exception <a 'java/lang/InterruptedException'{0x0000000615800070}: sleep interrupted> (0x0000000615800070) 
thrown [s\src\hotspot\share\prims\jvm.cpp, line 3038]
Event: 1.751 Thread 0x000001ea90d8abb0 Exception <a 'java/lang/InterruptedException'{0x0000000615800870}: sleep interrupted> (0x0000000615800870) 
thrown [s\src\hotspot\share\prims\jvm.cpp, line 3038]
Event: 1.751 Thread 0x000001ea90d8b5d0 Exception <a 'java/lang/InterruptedException'{0x0000000615a00870}: sleep interrupted> (0x0000000615a00870) 
thrown [s\src\hotspot\share\prims\jvm.cpp, line 3038]
Event: 1.751 Thread 0x000001ea90d8a6a0 Exception <a 'java/lang/InterruptedException'{0x0000000615400070}: sleep interrupted> (0x0000000615400070) 
thrown [s\src\hotspot\share\prims\jvm.cpp, line 3038]
Event: 1.751 Thread 0x000001ea90d89c80 Exception <a 'java/lang/InterruptedException'{0x0000000615400870}: sleep interrupted> (0x0000000615400870) 
thrown [s\src\hotspot\share\prims\jvm.cpp, line 3038]
Event: 1.751 Thread 0x000001ea90d8abb0 Exception <a 'java/lang/InterruptedException'{0x0000000615600870}: sleep interrupted> (0x0000000615600870) 
thrown [s\src\hotspot\share\prims\jvm.cpp, line 3038]
Event: 1.752 Thread 0x000001ea90d8b0c0 Exception <a 'java/lang/InterruptedException'{0x0000000615000070}: sleep interrupted> (0x0000000615000070) 
thrown [s\src\hotspot\share\prims\jvm.cpp, line 3038]
Event: 1.752 Thread 0x000001ea90d8b5d0 Exception <a 'java/lang/InterruptedException'{0x0000000615000870}: sleep interrupted> (0x0000000615000870) 
thrown [s\src\hotspot\share\prims\jvm.cpp, line 3038]
Event: 1.752 Thread 0x000001ea90d89c80 Exception <a 'java/lang/InterruptedException'{0x0000000615200870}: sleep interrupted> (0x0000000615200870) 
thrown [s\src\hotspot\share\prims\jvm.cpp, line 3038]

VM Operations (20 events):
Event: 0.549 Executing VM operation: HandshakeAllThreads done
Event: 1.061 Executing VM operation: G1CollectForAllocation
Event: 1.063 Executing VM operation: G1CollectForAllocation done
Event: 1.078 Executing VM operation: G1CollectForAllocation
Event: 1.079 Executing VM operation: G1CollectForAllocation done
Event: 1.099 Executing VM operation: G1CollectForAllocation
Event: 1.099 Executing VM operation: G1CollectForAllocation done
Event: 1.133 Executing VM operation: G1CollectForAllocation
Event: 1.134 Executing VM operation: G1CollectForAllocation done
Event: 1.172 Executing VM operation: G1CollectForAllocation
Event: 1.173 Executing VM operation: G1CollectForAllocation done
Event: 1.652 Executing VM operation: G1CollectForAllocation
Event: 1.654 Executing VM operation: G1CollectForAllocation done
Event: 1.671 Executing VM operation: G1CollectForAllocation
Event: 1.672 Executing VM operation: G1CollectForAllocation done
Event: 1.698 Executing VM operation: G1CollectForAllocation
Event: 1.699 Executing VM operation: G1CollectForAllocation done
Event: 1.722 Executing VM operation: G1CollectForAllocation
Event: 1.722 Executing VM operation: G1CollectForAllocation done
Event: 1.752 Executing VM operation: G1CollectForAllocation

Events (20 events):
Event: 1.751 Thread 0x000001ea90d8a6a0 Thread exited: 0x000001ea90d8a6a0
Event: 1.751 Thread 0x000001ea90d8a190 Thread added: 0x000001ea90d8a190
Event: 1.751 Thread 0x000001ea90d8a190 Thread exited: 0x000001ea90d8a190
Event: 1.751 Thread 0x000001ea90d8abb0 Thread added: 0x000001ea90d8abb0
Event: 1.751 Thread 0x000001ea90d8abb0 Thread exited: 0x000001ea90d8abb0
Event: 1.751 Thread 0x000001ea90d8b5d0 Thread added: 0x000001ea90d8b5d0
Event: 1.751 Thread 0x000001ea90d8b5d0 Thread exited: 0x000001ea90d8b5d0
Event: 1.751 Thread 0x000001ea90d8a6a0 Thread added: 0x000001ea90d8a6a0
Event: 1.751 Thread 0x000001ea90d8a6a0 Thread exited: 0x000001ea90d8a6a0
Event: 1.751 Thread 0x000001ea90d89c80 Thread added: 0x000001ea90d89c80
Event: 1.751 Thread 0x000001ea90d89c80 Thread exited: 0x000001ea90d89c80
Event: 1.751 Thread 0x000001ea90d8abb0 Thread added: 0x000001ea90d8abb0
Event: 1.751 Thread 0x000001ea90d8abb0 Thread exited: 0x000001ea90d8abb0
Event: 1.751 Thread 0x000001ea90d8b0c0 Thread added: 0x000001ea90d8b0c0
Event: 1.752 Thread 0x000001ea90d8b0c0 Thread exited: 0x000001ea90d8b0c0
Event: 1.752 Thread 0x000001ea90d8b5d0 Thread added: 0x000001ea90d8b5d0
Event: 1.752 Thread 0x000001ea90d8b5d0 Thread exited: 0x000001ea90d8b5d0
Event: 1.752 Thread 0x000001ea90d89c80 Thread added: 0x000001ea90d89c80
Event: 1.752 Thread 0x000001ea90d89c80 Thread exited: 0x000001ea90d89c80
Event: 1.752 Thread 0x000001ea90d8a6a0 Thread added: 0x000001ea90d8a6a0


Dynamic libraries:
0x00007ff6c1b90000 - 0x00007ff6c1b9e000 	C:\Users\dante\.jdks\corretto-17.0.11\bin\java.exe
0x00007fffc7670000 - 0x00007fffc7887000 	C:\Windows\SYSTEM32\ntdll.dll
0x00007fffc65a0000 - 0x00007fffc6664000 	C:\Windows\System32\KERNEL32.DLL
0x00007fffc4cc0000 - 0x00007fffc5067000 	C:\Windows\System32\KERNELBASE.dll
0x00007fffc5280000 - 0x00007fffc5391000 	C:\Windows\System32\ucrtbase.dll
0x00007fffb6e30000 - 0x00007fffb6e47000 	C:\Users\dante\.jdks\corretto-17.0.11\bin\jli.dll
0x00007fffb6ee0000 - 0x00007fffb6efb000 	C:\Users\dante\.jdks\corretto-17.0.11\bin\VCRUNTIME140.dll
0x00007fffc7190000 - 0x00007fffc733e000 	C:\Windows\System32\USER32.dll
0x00007fffc5070000 - 0x00007fffc5096000 	C:\Windows\System32\win32u.dll
0x00007fffc6570000 - 0x00007fffc6599000 	C:\Windows\System32\GDI32.dll
0x00007fffba300000 - 0x00007fffba593000 	C:\Windows\WinSxS\amd64_microsoft.windows.common-controls_6595b64144ccf1df_6.0.22621.3527_none_270e469b73872a76\COMCTL32.dll
0x00007fffc4af0000 - 0x00007fffc4c09000 	C:\Windows\System32\gdi32full.dll
0x00007fffc6f60000 - 0x00007fffc7007000 	C:\Windows\System32\msvcrt.dll
0x00007fffc4a50000 - 0x00007fffc4aea000 	C:\Windows\System32\msvcp_win.dll
0x00007fffc6f20000 - 0x00007fffc6f51000 	C:\Windows\System32\IMM32.DLL
0x00007fffb7070000 - 0x00007fffb707c000 	C:\Users\dante\.jdks\corretto-17.0.11\bin\vcruntime140_1.dll
0x00007fffade50000 - 0x00007fffadedd000 	C:\Users\dante\.jdks\corretto-17.0.11\bin\msvcp140.dll
0x00007ffefba60000 - 0x00007ffefc6c2000 	C:\Users\dante\.jdks\corretto-17.0.11\bin\server\jvm.dll
0x00007fffc5530000 - 0x00007fffc55e2000 	C:\Windows\System32\ADVAPI32.dll
0x00007fffc6e70000 - 0x00007fffc6f18000 	C:\Windows\System32\sechost.dll
0x00007fffc4c10000 - 0x00007fffc4c38000 	C:\Windows\System32\bcrypt.dll
0x00007fffc5410000 - 0x00007fffc5525000 	C:\Windows\System32\RPCRT4.dll
0x00007fffaeb70000 - 0x00007fffaeb79000 	C:\Windows\SYSTEM32\WSOCK32.dll
0x00007fffc37d0000 - 0x00007fffc381d000 	C:\Windows\SYSTEM32\POWRPROF.dll
0x00007fffc73f0000 - 0x00007fffc7461000 	C:\Windows\System32\WS2_32.dll
0x00007fffb52e0000 - 0x00007fffb5314000 	C:\Windows\SYSTEM32\WINMM.dll
0x00007fffbbf80000 - 0x00007fffbbf8a000 	C:\Windows\SYSTEM32\VERSION.dll
0x00007fffc37b0000 - 0x00007fffc37c3000 	C:\Windows\SYSTEM32\UMPDC.dll
0x00007fffc3a60000 - 0x00007fffc3a78000 	C:\Windows\SYSTEM32\kernel.appcore.dll
0x00007fffb35b0000 - 0x00007fffb35ba000 	C:\Users\dante\.jdks\corretto-17.0.11\bin\jimage.dll
0x00007fffb39b0000 - 0x00007fffb3be2000 	C:\Windows\SYSTEM32\DBGHELP.DLL
0x00007fffc67d0000 - 0x00007fffc6b58000 	C:\Windows\System32\combase.dll
0x00007fffc6be0000 - 0x00007fffc6cb7000 	C:\Windows\System32\OLEAUT32.dll
0x00007fffacf10000 - 0x00007fffacf42000 	C:\Windows\SYSTEM32\dbgcore.DLL
0x00007fffc4c40000 - 0x00007fffc4cb9000 	C:\Windows\System32\bcryptPrimitives.dll
0x00007fffadf00000 - 0x00007fffadf25000 	C:\Users\dante\.jdks\corretto-17.0.11\bin\java.dll
0x00007fff6f920000 - 0x00007fff6f9f7000 	C:\Users\dante\.jdks\corretto-17.0.11\bin\jsvml.dll
0x00007fffc5640000 - 0x00007fffc5e9c000 	C:\Windows\System32\SHELL32.dll
0x00007fffc2890000 - 0x00007fffc3186000 	C:\Windows\SYSTEM32\windows.storage.dll
0x00007fffc2750000 - 0x00007fffc288e000 	C:\Windows\SYSTEM32\wintypes.dll
0x00007fffc5f10000 - 0x00007fffc6005000 	C:\Windows\System32\SHCORE.dll
0x00007fffc5eb0000 - 0x00007fffc5f0e000 	C:\Windows\System32\shlwapi.dll
0x00007fffc48c0000 - 0x00007fffc48e1000 	C:\Windows\SYSTEM32\profapi.dll
0x00007fff9a110000 - 0x00007fff9a129000 	C:\Users\dante\.jdks\corretto-17.0.11\bin\net.dll
0x00007fffbf300000 - 0x00007fffbf436000 	C:\Windows\SYSTEM32\WINHTTP.dll
0x00007fffc3ec0000 - 0x00007fffc3f29000 	C:\Windows\system32\mswsock.dll
0x00007fff95a10000 - 0x00007fff95a26000 	C:\Users\dante\.jdks\corretto-17.0.11\bin\nio.dll
0x00007fffad6b0000 - 0x00007fffad6c8000 	C:\Users\dante\.jdks\corretto-17.0.11\bin\zip.dll
0x00007fff6e830000 - 0x00007fff6e9c0000 	C:\Users\dante\.jdks\corretto-17.0.11\bin\awt.dll
0x00007fffc1cd0000 - 0x00007fffc1d67000 	C:\Windows\SYSTEM32\apphelp.dll
0x00007fffc1e10000 - 0x00007fffc1ebb000 	C:\Windows\system32\uxtheme.dll
0x00007fffc6670000 - 0x00007fffc67c3000 	C:\Windows\System32\MSCTF.dll
0x00007fffc6cc0000 - 0x00007fffc6e65000 	C:\Windows\System32\ole32.dll
0x00007fffc2050000 - 0x00007fffc207b000 	C:\Windows\system32\DWMAPI.DLL
0x00007fff6cdf0000 - 0x00007fff6cef0000 	C:\Windows\system32\opengl32.dll
0x00007fffaa3b0000 - 0x00007fffaa3dd000 	C:\Windows\SYSTEM32\GLU32.dll
0x00007fffc20c0000 - 0x00007fffc20f9000 	C:\Windows\SYSTEM32\dxcore.dll
0x00007fff88f50000 - 0x00007fff890f9000 	C:\Windows\system32\d3d9.dll
0x00007fffbbf90000 - 0x00007fffbc04e000 	C:\Windows\System32\DriverStore\FileRepository\nv_dispig.inf_amd64_268e85175aa9e991\nvldumdx.dll
0x00007fffc4620000 - 0x00007fffc4632000 	C:\Windows\SYSTEM32\msasn1.dll
0x00007fffbbf40000 - 0x00007fffbbf72000 	C:\Windows\SYSTEM32\cryptnet.dll
0x00007fffc5110000 - 0x00007fffc5278000 	C:\Windows\System32\CRYPT32.dll
0x00007fffbbde0000 - 0x00007fffbbf38000 	C:\Windows\SYSTEM32\drvstore.dll
0x00007fffc4640000 - 0x00007fffc466c000 	C:\Windows\SYSTEM32\devobj.dll
0x00007fffc4690000 - 0x00007fffc46de000 	C:\Windows\SYSTEM32\cfgmgr32.dll
0x00007fffc4140000 - 0x00007fffc4189000 	C:\Windows\SYSTEM32\wldp.dll
0x00007fffc41f0000 - 0x00007fffc41fc000 	C:\Windows\SYSTEM32\cryptbase.dll
0x00007fffc50a0000 - 0x00007fffc510b000 	C:\Windows\System32\wintrust.dll
0x00007fffc7170000 - 0x00007fffc718f000 	C:\Windows\System32\imagehlp.dll
0x00007fffc4210000 - 0x00007fffc422b000 	C:\Windows\SYSTEM32\CRYPTSP.dll
0x00007fffc39c0000 - 0x00007fffc39f5000 	C:\Windows\system32\rsaenh.dll
0x00007fffb74a0000 - 0x00007fffb96be000 	C:\Windows\System32\DriverStore\FileRepository\nv_dispig.inf_amd64_268e85175aa9e991\nvgpucomp64.dll
0x00007fff38cd0000 - 0x00007fff3b07f000 	C:\Windows\System32\DriverStore\FileRepository\nv_dispig.inf_amd64_268e85175aa9e991\nvd3dumx.dll
0x00007fffbefa0000 - 0x00007fffbefea000 	C:\Windows\SYSTEM32\directxdatabasehelper.dll
0x00007fff4bd30000 - 0x00007fff4c000000 	C:\Windows\system32\nvspcap64.dll
0x00007fffc3a80000 - 0x00007fffc3ab4000 	C:\Windows\SYSTEM32\ntmarta.dll
0x00007fffc3f30000 - 0x00007fffc3f56000 	C:\Windows\SYSTEM32\gpapi.dll
0x00007fff85670000 - 0x00007fff856f7000 	C:\Users\dante\.jdks\corretto-17.0.11\bin\freetype.dll
0x00007fff6dae0000 - 0x00007fff6dbc2000 	C:\Users\dante\.jdks\corretto-17.0.11\bin\fontmanager.dll
0x00007fffc7340000 - 0x00007fffc73f0000 	C:\Windows\System32\clbcatq.dll
0x00007fffbfef0000 - 0x00007fffc00a0000 	C:\Windows\SYSTEM32\WindowsCodecs.dll
0x00007fff84bb0000 - 0x00007fff84c0e000 	C:\Windows\system32\dataexchange.dll
0x00007fffbc770000 - 0x00007fffbc9fb000 	C:\Windows\system32\twinapi.appcore.dll
0x00007fffa51b0000 - 0x00007fffa52fb000 	C:\Windows\SYSTEM32\textinputframework.dll
0x00007fffc17e0000 - 0x00007fffc1913000 	C:\Windows\SYSTEM32\CoreMessaging.dll
0x00007fffbe700000 - 0x00007fffbea6c000 	C:\Windows\SYSTEM32\CoreUIComponents.dll

dbghelp: loaded successfully - version: 4.0.5 - missing functions: none
symbol engine: initialized successfully - sym options: 0x614 - pdb path: .;C:\Users\dante\.jdks\corretto-17.0.11\bin;C:\Windows\SYSTEM32;C:\Windows\WinSxS\amd64_microsoft.windows.common-controls_6595b64144ccf1df_6.0.22621.3527_none_270e469b73872a76;C:\Users\dante\.jdks\corretto-17.0.11\bin\server;C:\Windows\System32\DriverStore\FileRepository\nv_dispig.inf_amd64_268e85175aa9e991

VM Arguments:
jvm_args: -Dfile.encoding=windows-1252 -Duser.country=US -Duser.language=en -Duser.variant 
java_command: com.boneless.Main -card
java_class_path (initial): C:\Users\dante\IdeaProjects\APCompFinalProject\build\classes\java\main;C:\Users\dante\IdeaProjects\APCompFinalProject\build\resources\main;C:\Users\dante\.gradle\caches\modules-2\files-2.1\org.json\json\20231013\e22e0c040fe16f04ffdb85d851d77b07fc05ea52\json-20231013.jar
Launcher Type: SUN_STANDARD

[Global flags]
     intx CICompilerCount                          = 12                                        {product} {ergonomic}
     uint ConcGCThreads                            = 3                                         {product} {ergonomic}
     uint G1ConcRefinementThreads                  = 13                                        {product} {ergonomic}
   size_t G1HeapRegionSize                         = 4194304                                   {product} {ergonomic}
    uintx GCDrainStackTargetSize                   = 64                                        {product} {ergonomic}
   size_t InitialHeapSize                          = 532676608                                 {product} {ergonomic}
   size_t MarkStackSize                            = 4194304                                   {product} {ergonomic}
   size_t MaxHeapSize                              = 8518631424                                {product} {ergonomic}
   size_t MaxNewSize                               = 5108662272                                {product} {ergonomic}
   size_t MinHeapDeltaBytes                        = 4194304                                   {product} {ergonomic}
   size_t MinHeapSize                              = 8388608                                   {product} {ergonomic}
    uintx NonNMethodCodeHeapSize                   = 7602480                                {pd product} {ergonomic}
    uintx NonProfiledCodeHeapSize                  = 122027880                              {pd product} {ergonomic}
    uintx ProfiledCodeHeapSize                     = 122027880                              {pd product} {ergonomic}
    uintx ReservedCodeCacheSize                    = 251658240                              {pd product} {ergonomic}
     bool SegmentedCodeCache                       = true                                      {product} {ergonomic}
   size_t SoftMaxHeapSize                          = 8518631424                             {manageable} {ergonomic}
     bool UseCompressedClassPointers               = true                           {product lp64_product} {ergonomic}
     bool UseCompressedOops                        = true                           {product lp64_product} {ergonomic}
     bool UseG1GC                                  = true                                      {product} {ergonomic}
     bool UseLargePagesIndividualAllocation        = false                                  {pd product} {ergonomic}

Logging:
Log output configuration:
 #0: stdout all=warning uptime,level,tags
 #1: stderr all=off uptime,level,tags

Environment Variables:
PATH=C:\Program Files (x86)\Common Files\Oracle\Java\javapath;C:\Program Files\Oculus\Support\oculus-runtime;C:\Windows\system32;C:\Windows;C:\Windows\System32\Wbem;C:\Windows\System32\WindowsPowerShell\v1.0\;C:\Windows\System32\OpenSSH\;C:\Program Files (x86)\NVIDIA Corporation\PhysX\Common;C:\Program Files\dotnet\;C:\Program Files\NVIDIA Corporation\NVIDIA NvDLISR;C:\Program Files\Git\cmd;C:\Users\dante\AppData\Local\Microsoft\WindowsApps;C:\Users\dante\Microsoft VS Code\bin;C:\Users\dante\Downloads\jdk-17.0.9_windows-x64_bin\jdk-17.0.9\bin;
USERNAME=dante
OS=Windows_NT
PROCESSOR_IDENTIFIER=AMD64 Family 25 Model 97 Stepping 2, AuthenticAMD
TMP=C:\Users\dante\AppData\Local\Temp
TEMP=C:\Users\dante\AppData\Local\Temp



Periodic native trim disabled


---------------  S Y S T E M  ---------------

OS:
 Windows 11 , 64 bit Build 22621 (10.0.22621.3527)
OS uptime: 3 days 6:40 hours
Hyper-V role detected

CPU: total 16 (initial active 16) (16 cores per cpu, 2 threads per core) family 25 model 97 stepping 2 microcode 0x0, cx8, cmov, fxsr, ht, mmx, 3dnowpref, sse, sse2, sse3, ssse3, sse4a, sse4.1, sse4.2, popcnt, lzcnt, tsc, tscinvbit, avx, avx2, aes, erms, clmul, bmi1, bmi2, adx, avx512f, avx512dq, avx512cd, avx512bw, avx512vl, sha, fma, vzeroupper, avx512_vpopcntdq, avx512_vpclmulqdq, avx512_vaes, avx512_vnni, clflush, clflushopt, avx512_vbmi2, avx512_vbmi, hv
Processor Information for all 16 processors :
  Max Mhz: 4501, Current Mhz: 4501, Mhz Limit: 4501

Memory: 4k page, system-wide physical 32490M (15477M free)
TotalPageFile size 130794M (AvailPageFile size 34M)
current process WorkingSet (physical memory assigned to process): 198M, peak: 200M
current process commit charge ("private bytes"): 895M, peak: 1027M

vm_info: OpenJDK 64-Bit Server VM (17.0.11+9-LTS) for windows-amd64 JRE (17.0.11+9-LTS), built on Apr 10 2024 22:12:24 by "Administrator" with MS VC++ 16.10 / 16.11 (VS2019)

END.
